2025-07-12 14:34:00,634 - INFO - ============================================================
2025-07-12 14:34:00,634 - INFO - STARTING DATA QUALITY CHECKS
2025-07-12 14:34:00,634 - INFO - ============================================================
2025-07-12 14:34:00,666 - INFO - Found 11 quality checks to process
2025-07-12 14:34:00,666 - INFO - ============================================================
2025-07-12 14:34:00,666 - INFO - Running Quality Check 1/11: soc_dem_client_validation
2025-07-12 14:34:00,666 - INFO - ============================================================
2025-07-12 14:34:00,743 - INFO - Checking field 'client' in bronze.soc_dem
2025-07-12 14:34:00,743 - INFO - Total records: 1615
2025-07-12 14:34:00,764 - INFO - PASSED unique: 1615/1615 records passed
2025-07-12 14:34:00,764 - INFO - PASSED positive: 1615/1615 records passed
2025-07-12 14:34:00,764 - INFO - PASSED non_null: 1615/1615 records passed
2025-07-12 14:34:00,764 - INFO - PASSED type: 1615/1615 records passed
2025-07-12 14:34:00,766 - INFO - ============================================================
2025-07-12 14:34:00,766 - INFO - Running Quality Check 2/11: soc_dem_sex_validation
2025-07-12 14:34:00,766 - INFO - ============================================================
2025-07-12 14:34:00,786 - INFO - Checking field 'sex' in bronze.soc_dem
2025-07-12 14:34:00,786 - INFO - Total records: 1615
2025-07-12 14:34:00,794 - INFO - PASSED enum: 1615/1615 records passed
2025-07-12 14:34:00,794 - INFO - FAILED non_null: 1612/1615 records passed
2025-07-12 14:34:00,794 - INFO - PASSED type: 1615/1615 records passed
2025-07-12 14:34:00,794 - INFO - ============================================================
2025-07-12 14:34:00,794 - INFO - Running Quality Check 3/11: soc_dem_age_validation
2025-07-12 14:34:00,797 - INFO - ============================================================
2025-07-12 14:34:00,813 - INFO - Checking field 'age' in bronze.soc_dem
2025-07-12 14:34:00,813 - INFO - Total records: 1615
2025-07-12 14:34:00,819 - INFO - PASSED positive: 1615/1615 records passed
2025-07-12 14:34:00,819 - INFO - PASSED non_null: 1615/1615 records passed
2025-07-12 14:34:00,821 - INFO - PASSED type: 1615/1615 records passed
2025-07-12 14:34:00,821 - INFO - ============================================================
2025-07-12 14:34:00,821 - INFO - Running Quality Check 4/11: soc_dem_tenure_validation
2025-07-12 14:34:00,821 - INFO - ============================================================
2025-07-12 14:34:00,837 - INFO - Checking field 'tenure' in bronze.soc_dem
2025-07-12 14:34:00,837 - INFO - Total records: 1615
2025-07-12 14:34:00,842 - INFO - PASSED positive: 1615/1615 records passed
2025-07-12 14:34:00,842 - INFO - PASSED non_null: 1615/1615 records passed
2025-07-12 14:34:00,844 - INFO - PASSED type: 1615/1615 records passed
2025-07-12 14:34:00,844 - INFO - ============================================================
2025-07-12 14:34:00,844 - INFO - Running Quality Check 5/11: products_actbalance_client_validation
2025-07-12 14:34:00,844 - INFO - ============================================================
2025-07-12 14:34:00,859 - INFO - Checking field 'client' in bronze.products_actbalance
2025-07-12 14:34:00,859 - INFO - Total records: 1615
2025-07-12 14:34:00,869 - INFO - PASSED unique: 1615/1615 records passed
2025-07-12 14:34:00,869 - INFO - PASSED positive: 1615/1615 records passed
2025-07-12 14:34:00,869 - INFO - PASSED non_null: 1615/1615 records passed
2025-07-12 14:34:00,869 - INFO - PASSED type: 1615/1615 records passed
2025-07-12 14:34:00,871 - INFO - ============================================================
2025-07-12 14:34:00,871 - INFO - Running Quality Check 6/11: products_actbalance_Count_CA_validation
2025-07-12 14:34:00,871 - INFO - ============================================================
2025-07-12 14:34:00,888 - INFO - Checking field 'Count_CA' in bronze.products_actbalance
2025-07-12 14:34:00,888 - INFO - Total records: 1615
2025-07-12 14:34:00,894 - INFO - PASSED positive: 1615/1615 records passed
2025-07-12 14:34:00,894 - INFO - PASSED non_null: 1615/1615 records passed
2025-07-12 14:34:00,894 - INFO - PASSED type: 1615/1615 records passed
2025-07-12 14:34:00,894 - INFO - ============================================================
2025-07-12 14:34:00,894 - INFO - Running Quality Check 7/11: products_actbalance_Count_SA_validation
2025-07-12 14:34:00,894 - INFO - ============================================================
2025-07-12 14:34:00,913 - INFO - Checking field 'Count_SA' in bronze.products_actbalance
2025-07-12 14:34:00,913 - INFO - Total records: 1615
2025-07-12 14:34:00,924 - INFO - PASSED positive: 1615/1615 records passed
2025-07-12 14:34:00,924 - INFO - FAILED non_null: 426/1615 records passed
2025-07-12 14:34:00,924 - INFO - PASSED type: 1615/1615 records passed
2025-07-12 14:34:00,925 - INFO - ============================================================
2025-07-12 14:34:00,925 - INFO - Running Quality Check 8/11: products_actbalance_Count_MF_validation
2025-07-12 14:34:00,925 - INFO - ============================================================
2025-07-12 14:34:00,947 - INFO - Checking field 'Count_MF' in bronze.products_actbalance
2025-07-12 14:34:00,947 - INFO - Total records: 1615
2025-07-12 14:34:00,954 - INFO - PASSED positive: 1615/1615 records passed
2025-07-12 14:34:00,954 - INFO - FAILED non_null: 306/1615 records passed
2025-07-12 14:34:00,954 - INFO - PASSED type: 1615/1615 records passed
2025-07-12 14:34:00,954 - INFO - ============================================================
2025-07-12 14:34:00,954 - INFO - Running Quality Check 9/11: products_actbalance_Count_OVD_validation
2025-07-12 14:34:00,954 - INFO - ============================================================
2025-07-12 14:34:00,970 - INFO - Checking field 'Count_OVD' in bronze.products_actbalance
2025-07-12 14:34:00,975 - INFO - Total records: 1615
2025-07-12 14:34:00,981 - INFO - PASSED positive: 1615/1615 records passed
2025-07-12 14:34:00,981 - INFO - FAILED non_null: 419/1615 records passed
2025-07-12 14:34:00,981 - INFO - PASSED type: 1615/1615 records passed
2025-07-12 14:34:00,981 - INFO - ============================================================
2025-07-12 14:34:00,981 - INFO - Running Quality Check 10/11: products_actbalance_Count_CL_validation
2025-07-12 14:34:00,981 - INFO - ============================================================
2025-07-12 14:34:00,997 - INFO - Checking field 'Count_CL' in bronze.products_actbalance
2025-07-12 14:34:00,997 - INFO - Total records: 1615
2025-07-12 14:34:01,008 - INFO - PASSED positive: 1615/1615 records passed
2025-07-12 14:34:01,008 - INFO - FAILED non_null: 135/1615 records passed
2025-07-12 14:34:01,008 - INFO - PASSED type: 1615/1615 records passed
2025-07-12 14:34:01,008 - INFO - ============================================================
2025-07-12 14:34:01,008 - INFO - Running Quality Check 11/11: products_actbalance_ActBal_CA_validation
2025-07-12 14:34:01,008 - INFO - ============================================================
2025-07-12 14:34:01,027 - INFO - Checking field 'ActBal_CA' in bronze.products_actbalance
2025-07-12 14:34:01,027 - INFO - Total records: 1615
2025-07-12 14:34:01,033 - INFO - PASSED positive: 1615/1615 records passed
2025-07-12 14:34:01,033 - INFO - PASSED non_null: 1615/1615 records passed
2025-07-12 14:34:01,033 - INFO - PASSED type: 1615/1615 records passed
2025-07-12 14:34:01,033 - INFO - PASSED sync_null: 1615/1615 records passed
2025-07-12 14:34:01,033 - INFO - ============================================================
2025-07-12 14:34:01,033 - INFO - Saving results to DuckDB...
2025-07-12 14:34:01,033 - INFO - ============================================================
2025-07-12 14:34:01,062 - INFO - Created/verified dq schema
2025-07-12 14:34:01,072 - INFO - Saved 36 quality check results to dq.dq_results
2025-07-12 14:34:01,080 - INFO - Quality Check Summary:
2025-07-12 14:34:01,081 - INFO -   enum: 1 checks, 0.0 failures, 1615.0 records checked
2025-07-12 14:34:01,082 - INFO -   non_null: 11 checks, 5177.0 failures, 17765.0 records checked
2025-07-12 14:34:01,082 - INFO -   positive: 10 checks, 0.0 failures, 16150.0 records checked
2025-07-12 14:34:01,083 - INFO -   sync_null: 1 checks, 0.0 failures, 1615.0 records checked
2025-07-12 14:34:01,083 - INFO -   type: 11 checks, 0.0 failures, 17765.0 records checked
2025-07-12 14:34:01,083 - INFO -   unique: 2 checks, 0.0 failures, 3230.0 records checked
2025-07-12 14:34:01,102 - INFO - ============================================================
2025-07-12 14:34:01,103 - INFO - All quality checks completed!
2025-07-12 14:34:01,103 - INFO - ============================================================
