2025-07-12 11:05:30,539 - INFO - ============================================================
2025-07-12 11:05:30,539 - INFO - STARTING DATA QUALITY CHECKS
2025-07-12 11:05:30,539 - INFO - ============================================================
2025-07-12 11:05:30,543 - INFO - Found 4 quality checks to process
2025-07-12 11:05:30,543 - INFO - ============================================================
2025-07-12 11:05:30,543 - INFO - Running Quality Check 1/4: soc_dem_client_validation
2025-07-12 11:05:30,543 - INFO - ============================================================
2025-07-12 11:05:30,605 - INFO - Checking field 'client' in bronze.soc_dem
2025-07-12 11:05:30,605 - INFO - Total records: 1615
2025-07-12 11:05:30,616 - INFO - PASSED unique: 1615/1615 records passed
2025-07-12 11:05:30,616 - INFO - PASSED positive: 1615/1615 records passed
2025-07-12 11:05:30,616 - INFO - PASSED non_null: 1615/1615 records passed
2025-07-12 11:05:30,616 - INFO - PASSED type: 1615/1615 records passed
2025-07-12 11:05:30,616 - INFO - ============================================================
2025-07-12 11:05:30,616 - INFO - Running Quality Check 2/4: soc_dem_sex_validation
2025-07-12 11:05:30,617 - INFO - ============================================================
2025-07-12 11:05:30,636 - INFO - Checking field 'sex' in bronze.soc_dem
2025-07-12 11:05:30,636 - INFO - Total records: 1615
2025-07-12 11:05:30,648 - INFO - FAILED enum: 1612/1615 records passed
2025-07-12 11:05:30,648 - INFO - FAILED non_null: 1612/1615 records passed
2025-07-12 11:05:30,648 - INFO - PASSED type: 1615/1615 records passed
2025-07-12 11:05:30,648 - INFO - ============================================================
2025-07-12 11:05:30,648 - INFO - Running Quality Check 3/4: soc_dem_age_validation
2025-07-12 11:05:30,648 - INFO - ============================================================
2025-07-12 11:05:30,668 - INFO - Checking field 'age' in bronze.soc_dem
2025-07-12 11:05:30,668 - INFO - Total records: 1615
2025-07-12 11:05:30,673 - INFO - FAILED positive: 1614/1615 records passed
2025-07-12 11:05:30,673 - INFO - PASSED non_null: 1615/1615 records passed
2025-07-12 11:05:30,677 - INFO - PASSED type: 1615/1615 records passed
2025-07-12 11:05:30,679 - INFO - ============================================================
2025-07-12 11:05:30,679 - INFO - Running Quality Check 4/4: soc_dem_tenure_validation
2025-07-12 11:05:30,679 - INFO - ============================================================
2025-07-12 11:05:30,694 - INFO - Checking field 'tenure' in bronze.soc_dem
2025-07-12 11:05:30,694 - INFO - Total records: 1615
2025-07-12 11:05:30,703 - INFO - FAILED positive: 1596/1615 records passed
2025-07-12 11:05:30,703 - INFO - PASSED non_null: 1615/1615 records passed
2025-07-12 11:05:30,703 - INFO - PASSED type: 1615/1615 records passed
2025-07-12 11:05:30,705 - INFO - ============================================================
2025-07-12 11:05:30,705 - INFO - Saving results to DuckDB...
2025-07-12 11:05:30,705 - INFO - ============================================================
2025-07-12 11:05:30,726 - INFO - Created/verified dq schema
2025-07-12 11:05:30,738 - INFO - Saved 13 quality check results to dq.dq_results
2025-07-12 11:05:30,745 - INFO - Quality Check Summary:
2025-07-12 11:05:30,748 - INFO -   enum: 1 checks, 3.0 failures, 1615.0 records checked
2025-07-12 11:05:30,748 - INFO -   non_null: 4 checks, 3.0 failures, 6460.0 records checked
2025-07-12 11:05:30,748 - INFO -   positive: 3 checks, 20.0 failures, 4845.0 records checked
2025-07-12 11:05:30,748 - INFO -   type: 4 checks, 0.0 failures, 6460.0 records checked
2025-07-12 11:05:30,748 - INFO -   unique: 1 checks, 0.0 failures, 1615.0 records checked
2025-07-12 11:05:30,770 - INFO - ============================================================
2025-07-12 11:05:30,770 - INFO - All quality checks completed!
2025-07-12 11:05:30,770 - INFO - ============================================================
