2025-07-12 17:46:35,647 - INFO - ============================================================
2025-07-12 17:46:35,652 - INFO - STARTING DATA QUALITY CHECKS
2025-07-12 17:46:35,652 - INFO - ============================================================
2025-07-12 17:46:35,761 - INFO - Found 38 quality checks to process
2025-07-12 17:46:35,761 - INFO - ============================================================
2025-07-12 17:46:35,761 - INFO - Running Quality Check 1/38: soc_dem_client_validation
2025-07-12 17:46:35,761 - INFO - ============================================================
2025-07-12 17:46:35,889 - INFO - Checking field 'client' in bronze.soc_dem
2025-07-12 17:46:35,892 - INFO - Total records: 1615
2025-07-12 17:46:35,948 - INFO - PASSED unique: 1615/1615 records passed
2025-07-12 17:46:35,948 - INFO - PASSED positive: 1615/1615 records passed
2025-07-12 17:46:35,948 - INFO - PASSED non_null: 1615/1615 records passed
2025-07-12 17:46:35,948 - INFO - PASSED type: 1615/1615 records passed
2025-07-12 17:46:35,948 - INFO - ============================================================
2025-07-12 17:46:35,948 - INFO - Running Quality Check 2/38: soc_dem_sex_validation
2025-07-12 17:46:35,948 - INFO - ============================================================
2025-07-12 17:46:35,986 - INFO - Checking field 'sex' in bronze.soc_dem
2025-07-12 17:46:35,986 - INFO - Total records: 1615
2025-07-12 17:46:36,000 - INFO - PASSED enum: 1615/1615 records passed
2025-07-12 17:46:36,000 - INFO - FAILED non_null: 1612/1615 records passed
2025-07-12 17:46:36,000 - INFO - PASSED type: 1615/1615 records passed
2025-07-12 17:46:36,000 - INFO - ============================================================
2025-07-12 17:46:36,000 - INFO - Running Quality Check 3/38: soc_dem_age_validation
2025-07-12 17:46:36,003 - INFO - ============================================================
2025-07-12 17:46:36,047 - INFO - Checking field 'age' in bronze.soc_dem
2025-07-12 17:46:36,047 - INFO - Total records: 1615
2025-07-12 17:46:36,068 - INFO - PASSED positive: 1615/1615 records passed
2025-07-12 17:46:36,069 - INFO - PASSED non_null: 1615/1615 records passed
2025-07-12 17:46:36,069 - INFO - PASSED type: 1615/1615 records passed
2025-07-12 17:46:36,069 - INFO - ============================================================
2025-07-12 17:46:36,069 - INFO - Running Quality Check 4/38: soc_dem_tenure_validation
2025-07-12 17:46:36,069 - INFO - ============================================================
2025-07-12 17:46:36,120 - INFO - Checking field 'tenure' in bronze.soc_dem
2025-07-12 17:46:36,120 - INFO - Total records: 1615
2025-07-12 17:46:36,130 - INFO - PASSED positive: 1615/1615 records passed
2025-07-12 17:46:36,130 - INFO - PASSED non_null: 1615/1615 records passed
2025-07-12 17:46:36,130 - INFO - PASSED type: 1615/1615 records passed
2025-07-12 17:46:36,130 - INFO - ============================================================
2025-07-12 17:46:36,130 - INFO - Running Quality Check 5/38: products_actbalance_client_validation
2025-07-12 17:46:36,130 - INFO - ============================================================
2025-07-12 17:46:36,154 - INFO - Checking field 'client' in bronze.products_actbalance
2025-07-12 17:46:36,158 - INFO - Total records: 1615
2025-07-12 17:46:36,166 - INFO - PASSED unique: 1615/1615 records passed
2025-07-12 17:46:36,166 - INFO - PASSED positive: 1615/1615 records passed
2025-07-12 17:46:36,166 - INFO - PASSED non_null: 1615/1615 records passed
2025-07-12 17:46:36,168 - INFO - PASSED type: 1615/1615 records passed
2025-07-12 17:46:36,168 - INFO - ============================================================
2025-07-12 17:46:36,168 - INFO - Running Quality Check 6/38: products_actbalance_Count_CA_validation
2025-07-12 17:46:36,168 - INFO - ============================================================
2025-07-12 17:46:36,192 - INFO - Checking field 'Count_CA' in bronze.products_actbalance
2025-07-12 17:46:36,194 - INFO - Total records: 1615
2025-07-12 17:46:36,205 - INFO - PASSED positive: 1615/1615 records passed
2025-07-12 17:46:36,205 - INFO - PASSED non_null: 1615/1615 records passed
2025-07-12 17:46:36,207 - INFO - PASSED type: 1615/1615 records passed
2025-07-12 17:46:36,207 - INFO - PASSED sync_null: 1615/1615 records passed
2025-07-12 17:46:36,207 - INFO - FAILED sync_zero: 1521/1615 records passed
2025-07-12 17:46:36,207 - INFO - PASSED non_zero: 1615/1615 records passed
2025-07-12 17:46:36,207 - INFO - ============================================================
2025-07-12 17:46:36,208 - INFO - Running Quality Check 7/38: products_actbalance_Count_SA_validation
2025-07-12 17:46:36,208 - INFO - ============================================================
2025-07-12 17:46:36,229 - INFO - Checking field 'Count_SA' in bronze.products_actbalance
2025-07-12 17:46:36,229 - INFO - Total records: 1615
2025-07-12 17:46:36,239 - INFO - PASSED positive: 1615/1615 records passed
2025-07-12 17:46:36,241 - INFO - FAILED non_null: 426/1615 records passed
2025-07-12 17:46:36,241 - INFO - PASSED type: 1615/1615 records passed
2025-07-12 17:46:36,241 - INFO - PASSED sync_null: 1615/1615 records passed
2025-07-12 17:46:36,242 - INFO - FAILED sync_zero: 1599/1615 records passed
2025-07-12 17:46:36,242 - INFO - PASSED non_zero: 1615/1615 records passed
2025-07-12 17:46:36,243 - INFO - ============================================================
2025-07-12 17:46:36,243 - INFO - Running Quality Check 8/38: products_actbalance_Count_MF_validation
2025-07-12 17:46:36,243 - INFO - ============================================================
2025-07-12 17:46:36,261 - INFO - Checking field 'Count_MF' in bronze.products_actbalance
2025-07-12 17:46:36,261 - INFO - Total records: 1615
2025-07-12 17:46:36,268 - INFO - PASSED positive: 1615/1615 records passed
2025-07-12 17:46:36,268 - INFO - FAILED non_null: 306/1615 records passed
2025-07-12 17:46:36,268 - INFO - PASSED type: 1615/1615 records passed
2025-07-12 17:46:36,268 - INFO - PASSED sync_null: 1615/1615 records passed
2025-07-12 17:46:36,270 - INFO - FAILED sync_zero: 1504/1615 records passed
2025-07-12 17:46:36,270 - INFO - PASSED non_zero: 1615/1615 records passed
2025-07-12 17:46:36,270 - INFO - ============================================================
2025-07-12 17:46:36,270 - INFO - Running Quality Check 9/38: products_actbalance_Count_OVD_validation
2025-07-12 17:46:36,270 - INFO - ============================================================
2025-07-12 17:46:36,284 - INFO - Checking field 'Count_OVD' in bronze.products_actbalance
2025-07-12 17:46:36,284 - INFO - Total records: 1615
2025-07-12 17:46:36,298 - INFO - PASSED positive: 1615/1615 records passed
2025-07-12 17:46:36,298 - INFO - FAILED non_null: 419/1615 records passed
2025-07-12 17:46:36,298 - INFO - PASSED type: 1615/1615 records passed
2025-07-12 17:46:36,298 - INFO - PASSED sync_null: 1615/1615 records passed
2025-07-12 17:46:36,301 - INFO - FAILED sync_zero: 1316/1615 records passed
2025-07-12 17:46:36,301 - INFO - PASSED non_zero: 1615/1615 records passed
2025-07-12 17:46:36,301 - INFO - ============================================================
2025-07-12 17:46:36,301 - INFO - Running Quality Check 10/38: products_actbalance_Count_CL_validation
2025-07-12 17:46:36,301 - INFO - ============================================================
2025-07-12 17:46:36,318 - INFO - Checking field 'Count_CL' in bronze.products_actbalance
2025-07-12 17:46:36,318 - INFO - Total records: 1615
2025-07-12 17:46:36,329 - INFO - PASSED positive: 1615/1615 records passed
2025-07-12 17:46:36,329 - INFO - FAILED non_null: 135/1615 records passed
2025-07-12 17:46:36,329 - INFO - PASSED type: 1615/1615 records passed
2025-07-12 17:46:36,329 - INFO - PASSED sync_null: 1615/1615 records passed
2025-07-12 17:46:36,330 - INFO - FAILED sync_zero: 1614/1615 records passed
2025-07-12 17:46:36,330 - INFO - PASSED non_zero: 1615/1615 records passed
2025-07-12 17:46:36,330 - INFO - ============================================================
2025-07-12 17:46:36,330 - INFO - Running Quality Check 11/38: products_actbalance_ActBal_CA_validation
2025-07-12 17:46:36,330 - INFO - ============================================================
2025-07-12 17:46:36,347 - INFO - Checking field 'ActBal_CA' in bronze.products_actbalance
2025-07-12 17:46:36,347 - INFO - Total records: 1615
2025-07-12 17:46:36,354 - INFO - PASSED positive: 1615/1615 records passed
2025-07-12 17:46:36,354 - INFO - PASSED non_null: 1615/1615 records passed
2025-07-12 17:46:36,354 - INFO - PASSED type: 1615/1615 records passed
2025-07-12 17:46:36,355 - INFO - PASSED sync_null: 1615/1615 records passed
2025-07-12 17:46:36,355 - INFO - FAILED sync_zero: 1521/1615 records passed
2025-07-12 17:46:36,355 - INFO - FAILED non_zero: 1521/1615 records passed
2025-07-12 17:46:36,355 - INFO - ============================================================
2025-07-12 17:46:36,355 - INFO - Running Quality Check 12/38: products_actbalance_ActBal_SA_validation
2025-07-12 17:46:36,355 - INFO - ============================================================
2025-07-12 17:46:36,366 - INFO - Checking field 'ActBal_SA' in bronze.products_actbalance
2025-07-12 17:46:36,374 - INFO - Total records: 1615
2025-07-12 17:46:36,384 - INFO - PASSED positive: 1615/1615 records passed
2025-07-12 17:46:36,384 - INFO - FAILED non_null: 426/1615 records passed
2025-07-12 17:46:36,386 - INFO - PASSED type: 1615/1615 records passed
2025-07-12 17:46:36,386 - INFO - PASSED sync_null: 1615/1615 records passed
2025-07-12 17:46:36,386 - INFO - FAILED sync_zero: 1599/1615 records passed
2025-07-12 17:46:36,386 - INFO - FAILED non_zero: 1599/1615 records passed
2025-07-12 17:46:36,386 - INFO - ============================================================
2025-07-12 17:46:36,386 - INFO - Running Quality Check 13/38: products_actbalance_ActBal_MF_validation
2025-07-12 17:46:36,386 - INFO - ============================================================
2025-07-12 17:46:36,409 - INFO - Checking field 'ActBal_MF' in bronze.products_actbalance
2025-07-12 17:46:36,409 - INFO - Total records: 1615
2025-07-12 17:46:36,417 - INFO - PASSED positive: 1615/1615 records passed
2025-07-12 17:46:36,417 - INFO - FAILED non_null: 306/1615 records passed
2025-07-12 17:46:36,417 - INFO - PASSED type: 1615/1615 records passed
2025-07-12 17:46:36,417 - INFO - PASSED sync_null: 1615/1615 records passed
2025-07-12 17:46:36,419 - INFO - FAILED sync_zero: 1504/1615 records passed
2025-07-12 17:46:36,419 - INFO - FAILED non_zero: 1504/1615 records passed
2025-07-12 17:46:36,419 - INFO - ============================================================
2025-07-12 17:46:36,419 - INFO - Running Quality Check 14/38: products_actbalance_ActBal_OVD_validation
2025-07-12 17:46:36,419 - INFO - ============================================================
2025-07-12 17:46:36,439 - INFO - Checking field 'ActBal_OVD' in bronze.products_actbalance
2025-07-12 17:46:36,439 - INFO - Total records: 1615
2025-07-12 17:46:36,450 - INFO - PASSED positive: 1615/1615 records passed
2025-07-12 17:46:36,450 - INFO - FAILED non_null: 419/1615 records passed
2025-07-12 17:46:36,450 - INFO - PASSED type: 1615/1615 records passed
2025-07-12 17:46:36,452 - INFO - PASSED sync_null: 1615/1615 records passed
2025-07-12 17:46:36,452 - INFO - FAILED sync_zero: 1316/1615 records passed
2025-07-12 17:46:36,452 - INFO - FAILED non_zero: 1316/1615 records passed
2025-07-12 17:46:36,452 - INFO - ============================================================
2025-07-12 17:46:36,452 - INFO - Running Quality Check 15/38: products_actbalance_ActBal_CC_validation
2025-07-12 17:46:36,453 - INFO - ============================================================
2025-07-12 17:46:36,470 - INFO - Checking field 'ActBal_CC' in bronze.products_actbalance
2025-07-12 17:46:36,470 - INFO - Total records: 1615
2025-07-12 17:46:36,479 - INFO - FAILED positive: 1610/1615 records passed
2025-07-12 17:46:36,480 - INFO - FAILED non_null: 170/1615 records passed
2025-07-12 17:46:36,480 - INFO - PASSED type: 1615/1615 records passed
2025-07-12 17:46:36,480 - INFO - PASSED sync_null: 1615/1615 records passed
2025-07-12 17:46:36,480 - INFO - FAILED sync_zero: 1599/1615 records passed
2025-07-12 17:46:36,480 - INFO - FAILED non_zero: 1599/1615 records passed
2025-07-12 17:46:36,480 - INFO - ============================================================
2025-07-12 17:46:36,480 - INFO - Running Quality Check 16/38: products_actbalance_ActBal_CL_validation
2025-07-12 17:46:36,480 - INFO - ============================================================
2025-07-12 17:46:36,501 - INFO - Checking field 'ActBal_CL' in bronze.products_actbalance
2025-07-12 17:46:36,501 - INFO - Total records: 1615
2025-07-12 17:46:36,511 - INFO - PASSED positive: 1615/1615 records passed
2025-07-12 17:46:36,512 - INFO - FAILED non_null: 135/1615 records passed
2025-07-12 17:46:36,512 - INFO - PASSED type: 1615/1615 records passed
2025-07-12 17:46:36,512 - INFO - PASSED sync_null: 1615/1615 records passed
2025-07-12 17:46:36,512 - INFO - FAILED sync_zero: 1614/1615 records passed
2025-07-12 17:46:36,512 - INFO - FAILED non_zero: 1614/1615 records passed
2025-07-12 17:46:36,512 - INFO - ============================================================
2025-07-12 17:46:36,514 - INFO - Running Quality Check 17/38: inflow_outflow_Client_validation
2025-07-12 17:46:36,514 - INFO - ============================================================
2025-07-12 17:46:36,532 - INFO - Checking field 'Client' in bronze.inflow_outflow
2025-07-12 17:46:36,532 - INFO - Total records: 1587
2025-07-12 17:46:36,541 - INFO - PASSED unique: 1587/1587 records passed
2025-07-12 17:46:36,542 - INFO - PASSED positive: 1587/1587 records passed
2025-07-12 17:46:36,542 - INFO - PASSED non_null: 1587/1587 records passed
2025-07-12 17:46:36,542 - INFO - PASSED type: 1587/1587 records passed
2025-07-12 17:46:36,542 - INFO - ============================================================
2025-07-12 17:46:36,543 - INFO - Running Quality Check 18/38: inflow_outflow_VolumeCred_validation
2025-07-12 17:46:36,543 - INFO - ============================================================
2025-07-12 17:46:36,562 - INFO - Checking field 'VolumeCred' in bronze.inflow_outflow
2025-07-12 17:46:36,562 - INFO - Total records: 1587
2025-07-12 17:46:36,570 - INFO - PASSED positive: 1587/1587 records passed
2025-07-12 17:46:36,570 - INFO - PASSED non_null: 1587/1587 records passed
2025-07-12 17:46:36,572 - INFO - PASSED type: 1587/1587 records passed
2025-07-12 17:46:36,572 - INFO - PASSED sync_null: 1587/1587 records passed
2025-07-12 17:46:36,572 - INFO - PASSED sync_zero: 1587/1587 records passed
2025-07-12 17:46:36,572 - INFO - FAILED non_zero: 1573/1587 records passed
2025-07-12 17:46:36,572 - INFO - ============================================================
2025-07-12 17:46:36,572 - INFO - Running Quality Check 19/38: inflow_outflow_VolumeCred_CA_validation
2025-07-12 17:46:36,572 - INFO - ============================================================
2025-07-12 17:46:36,593 - INFO - Checking field 'VolumeCred_CA' in bronze.inflow_outflow
2025-07-12 17:46:36,593 - INFO - Total records: 1587
2025-07-12 17:46:36,601 - INFO - PASSED positive: 1587/1587 records passed
2025-07-12 17:46:36,601 - INFO - PASSED non_null: 1587/1587 records passed
2025-07-12 17:46:36,601 - INFO - PASSED type: 1587/1587 records passed
2025-07-12 17:46:36,602 - INFO - PASSED sync_null: 1587/1587 records passed
2025-07-12 17:46:36,602 - INFO - PASSED sync_zero: 1587/1587 records passed
2025-07-12 17:46:36,602 - INFO - FAILED non_zero: 1557/1587 records passed
2025-07-12 17:46:36,602 - INFO - ============================================================
2025-07-12 17:46:36,602 - INFO - Running Quality Check 20/38: inflow_outflow_TransactionsCred_validation
2025-07-12 17:46:36,602 - INFO - ============================================================
2025-07-12 17:46:36,622 - INFO - Checking field 'TransactionsCred' in bronze.inflow_outflow
2025-07-12 17:46:36,622 - INFO - Total records: 1587
2025-07-12 17:46:36,630 - INFO - PASSED positive: 1587/1587 records passed
2025-07-12 17:46:36,630 - INFO - PASSED non_null: 1587/1587 records passed
2025-07-12 17:46:36,630 - INFO - PASSED type: 1587/1587 records passed
2025-07-12 17:46:36,633 - INFO - PASSED sync_null: 1587/1587 records passed
2025-07-12 17:46:36,633 - INFO - PASSED sync_zero: 1587/1587 records passed
2025-07-12 17:46:36,633 - INFO - FAILED non_zero: 1573/1587 records passed
2025-07-12 17:46:36,633 - INFO - ============================================================
2025-07-12 17:46:36,633 - INFO - Running Quality Check 21/38: inflow_outflow_TransactionsCred_CA_validation
2025-07-12 17:46:36,634 - INFO - ============================================================
2025-07-12 17:46:36,651 - INFO - Checking field 'TransactionsCred_CA' in bronze.inflow_outflow
2025-07-12 17:46:36,651 - INFO - Total records: 1587
2025-07-12 17:46:36,661 - INFO - PASSED positive: 1587/1587 records passed
2025-07-12 17:46:36,661 - INFO - PASSED non_null: 1587/1587 records passed
2025-07-12 17:46:36,661 - INFO - PASSED type: 1587/1587 records passed
2025-07-12 17:46:36,661 - INFO - PASSED sync_null: 1587/1587 records passed
2025-07-12 17:46:36,661 - INFO - PASSED sync_zero: 1587/1587 records passed
2025-07-12 17:46:36,661 - INFO - FAILED non_zero: 1557/1587 records passed
2025-07-12 17:46:36,661 - INFO - ============================================================
2025-07-12 17:46:36,663 - INFO - Running Quality Check 22/38: inflow_outflow_VolumeDeb_validation
2025-07-12 17:46:36,663 - INFO - ============================================================
2025-07-12 17:46:36,681 - INFO - Checking field 'VolumeDeb' in bronze.inflow_outflow
2025-07-12 17:46:36,681 - INFO - Total records: 1587
2025-07-12 17:46:36,688 - INFO - PASSED positive: 1587/1587 records passed
2025-07-12 17:46:36,688 - INFO - PASSED non_null: 1587/1587 records passed
2025-07-12 17:46:36,690 - INFO - PASSED type: 1587/1587 records passed
2025-07-12 17:46:36,690 - INFO - PASSED sync_null: 1587/1587 records passed
2025-07-12 17:46:36,690 - INFO - PASSED sync_zero: 1587/1587 records passed
2025-07-12 17:46:36,690 - INFO - FAILED non_zero: 1521/1587 records passed
2025-07-12 17:46:36,690 - INFO - ============================================================
2025-07-12 17:46:36,690 - INFO - Running Quality Check 23/38: inflow_outflow_VolumeDeb_CA_validation
2025-07-12 17:46:36,690 - INFO - ============================================================
2025-07-12 17:46:36,708 - INFO - Checking field 'VolumeDeb_CA' in bronze.inflow_outflow
2025-07-12 17:46:36,709 - INFO - Total records: 1587
2025-07-12 17:46:36,715 - INFO - PASSED positive: 1587/1587 records passed
2025-07-12 17:46:36,715 - INFO - PASSED non_null: 1587/1587 records passed
2025-07-12 17:46:36,715 - INFO - PASSED type: 1587/1587 records passed
2025-07-12 17:46:36,715 - INFO - PASSED sync_zero: 1587/1587 records passed
2025-07-12 17:46:36,717 - INFO - FAILED non_zero: 1515/1587 records passed
2025-07-12 17:46:36,717 - INFO - ============================================================
2025-07-12 17:46:36,717 - INFO - Running Quality Check 24/38: inflow_outflow_VolumeDebCash_Card_validation
2025-07-12 17:46:36,717 - INFO - ============================================================
2025-07-12 17:46:36,734 - INFO - Checking field 'VolumeDebCash_Card' in bronze.inflow_outflow
2025-07-12 17:46:36,734 - INFO - Total records: 1587
2025-07-12 17:46:36,743 - INFO - PASSED positive: 1587/1587 records passed
2025-07-12 17:46:36,743 - INFO - PASSED non_null: 1587/1587 records passed
2025-07-12 17:46:36,745 - INFO - PASSED type: 1587/1587 records passed
2025-07-12 17:46:36,745 - INFO - PASSED sync_zero: 1587/1587 records passed
2025-07-12 17:46:36,745 - INFO - FAILED non_zero: 956/1587 records passed
2025-07-12 17:46:36,745 - INFO - ============================================================
2025-07-12 17:46:36,745 - INFO - Running Quality Check 25/38: inflow_outflow_VolumeDebCashless_Card_validation
2025-07-12 17:46:36,745 - INFO - ============================================================
2025-07-12 17:46:36,763 - INFO - Checking field 'VolumeDebCashless_Card' in bronze.inflow_outflow
2025-07-12 17:46:36,763 - INFO - Total records: 1587
2025-07-12 17:46:36,769 - INFO - PASSED positive: 1587/1587 records passed
2025-07-12 17:46:36,769 - INFO - PASSED non_null: 1587/1587 records passed
2025-07-12 17:46:36,771 - INFO - PASSED type: 1587/1587 records passed
2025-07-12 17:46:36,771 - INFO - PASSED sync_zero: 1587/1587 records passed
2025-07-12 17:46:36,771 - INFO - FAILED non_zero: 882/1587 records passed
2025-07-12 17:46:36,771 - INFO - ============================================================
2025-07-12 17:46:36,771 - INFO - Running Quality Check 26/38: inflow_outflow_VolumeDeb_PaymentOrder_validation
2025-07-12 17:46:36,771 - INFO - ============================================================
2025-07-12 17:46:36,788 - INFO - Checking field 'VolumeDeb_PaymentOrder' in bronze.inflow_outflow
2025-07-12 17:46:36,788 - INFO - Total records: 1587
2025-07-12 17:46:36,805 - INFO - PASSED positive: 1587/1587 records passed
2025-07-12 17:46:36,805 - INFO - PASSED non_null: 1587/1587 records passed
2025-07-12 17:46:36,805 - INFO - PASSED type: 1587/1587 records passed
2025-07-12 17:46:36,805 - INFO - PASSED sync_zero: 1587/1587 records passed
2025-07-12 17:46:36,805 - INFO - FAILED non_zero: 1152/1587 records passed
2025-07-12 17:46:36,807 - INFO - ============================================================
2025-07-12 17:46:36,807 - INFO - Running Quality Check 27/38: inflow_outflow_TransactionsDeb_validation
2025-07-12 17:46:36,807 - INFO - ============================================================
2025-07-12 17:46:36,828 - INFO - Checking field 'TransactionsDeb' in bronze.inflow_outflow
2025-07-12 17:46:36,829 - INFO - Total records: 1587
2025-07-12 17:46:36,835 - INFO - PASSED positive: 1587/1587 records passed
2025-07-12 17:46:36,835 - INFO - PASSED non_null: 1587/1587 records passed
2025-07-12 17:46:36,837 - INFO - PASSED type: 1587/1587 records passed
2025-07-12 17:46:36,837 - INFO - PASSED sync_zero: 1587/1587 records passed
2025-07-12 17:46:36,837 - INFO - FAILED non_zero: 1521/1587 records passed
2025-07-12 17:46:36,837 - INFO - ============================================================
2025-07-12 17:46:36,837 - INFO - Running Quality Check 28/38: inflow_outflow_TransactionsDeb_CA_validation
2025-07-12 17:46:36,837 - INFO - ============================================================
2025-07-12 17:46:36,854 - INFO - Checking field 'TransactionsDeb_CA' in bronze.inflow_outflow
2025-07-12 17:46:36,854 - INFO - Total records: 1587
2025-07-12 17:46:36,864 - INFO - PASSED positive: 1587/1587 records passed
2025-07-12 17:46:36,864 - INFO - PASSED non_null: 1587/1587 records passed
2025-07-12 17:46:36,865 - INFO - PASSED type: 1587/1587 records passed
2025-07-12 17:46:36,865 - INFO - PASSED sync_zero: 1587/1587 records passed
2025-07-12 17:46:36,865 - INFO - FAILED non_zero: 1515/1587 records passed
2025-07-12 17:46:36,865 - INFO - ============================================================
2025-07-12 17:46:36,865 - INFO - Running Quality Check 29/38: inflow_outflow_TransactionsDebCash_Card_validation
2025-07-12 17:46:36,866 - INFO - ============================================================
2025-07-12 17:46:36,884 - INFO - Checking field 'TransactionsDebCash_Card' in bronze.inflow_outflow
2025-07-12 17:46:36,884 - INFO - Total records: 1587
2025-07-12 17:46:36,892 - INFO - PASSED positive: 1587/1587 records passed
2025-07-12 17:46:36,893 - INFO - PASSED non_null: 1587/1587 records passed
2025-07-12 17:46:36,894 - INFO - PASSED type: 1587/1587 records passed
2025-07-12 17:46:36,894 - INFO - PASSED sync_zero: 1587/1587 records passed
2025-07-12 17:46:36,896 - INFO - FAILED non_zero: 956/1587 records passed
2025-07-12 17:46:36,896 - INFO - ============================================================
2025-07-12 17:46:36,896 - INFO - Running Quality Check 30/38: inflow_outflow_TransactionsDebCashless_Card_validation
2025-07-12 17:46:36,896 - INFO - ============================================================
2025-07-12 17:46:36,914 - INFO - Checking field 'TransactionsDebCashless_Card' in bronze.inflow_outflow
2025-07-12 17:46:36,914 - INFO - Total records: 1587
2025-07-12 17:46:36,922 - INFO - PASSED positive: 1587/1587 records passed
2025-07-12 17:46:36,922 - INFO - PASSED non_null: 1587/1587 records passed
2025-07-12 17:46:36,923 - INFO - PASSED type: 1587/1587 records passed
2025-07-12 17:46:36,923 - INFO - PASSED sync_zero: 1587/1587 records passed
2025-07-12 17:46:36,923 - INFO - FAILED non_zero: 882/1587 records passed
2025-07-12 17:46:36,923 - INFO - ============================================================
2025-07-12 17:46:36,923 - INFO - Running Quality Check 31/38: inflow_outflow_TransactionsDeb_PaymentOrder_validation
2025-07-12 17:46:36,923 - INFO - ============================================================
2025-07-12 17:46:36,943 - INFO - Checking field 'TransactionsDeb_PaymentOrder' in bronze.inflow_outflow
2025-07-12 17:46:36,944 - INFO - Total records: 1587
2025-07-12 17:46:36,950 - INFO - PASSED positive: 1587/1587 records passed
2025-07-12 17:46:36,950 - INFO - PASSED non_null: 1587/1587 records passed
2025-07-12 17:46:36,952 - INFO - PASSED type: 1587/1587 records passed
2025-07-12 17:46:36,952 - INFO - PASSED sync_zero: 1587/1587 records passed
2025-07-12 17:46:36,952 - INFO - FAILED non_zero: 1152/1587 records passed
2025-07-12 17:46:36,952 - INFO - ============================================================
2025-07-12 17:46:36,952 - INFO - Running Quality Check 32/38: sales_revenues_Client_validation
2025-07-12 17:46:36,952 - INFO - ============================================================
2025-07-12 17:46:36,967 - INFO - Checking field 'Client' in bronze.sales_revenues
2025-07-12 17:46:36,967 - INFO - Total records: 969
2025-07-12 17:46:36,979 - INFO - PASSED unique: 969/969 records passed
2025-07-12 17:46:36,979 - INFO - PASSED positive: 969/969 records passed
2025-07-12 17:46:36,981 - INFO - PASSED non_null: 969/969 records passed
2025-07-12 17:46:36,981 - INFO - PASSED type: 969/969 records passed
2025-07-12 17:46:36,981 - INFO - ============================================================
2025-07-12 17:46:36,981 - INFO - Running Quality Check 33/38: sales_revenues_Sale_MF_validation
2025-07-12 17:46:36,981 - INFO - ============================================================
2025-07-12 17:46:37,000 - INFO - Checking field 'Sale_MF' in bronze.sales_revenues
2025-07-12 17:46:37,001 - INFO - Total records: 969
2025-07-12 17:46:37,009 - INFO - PASSED enum: 969/969 records passed
2025-07-12 17:46:37,010 - INFO - PASSED positive: 969/969 records passed
2025-07-12 17:46:37,010 - INFO - PASSED non_null: 969/969 records passed
2025-07-12 17:46:37,010 - INFO - PASSED type: 969/969 records passed
2025-07-12 17:46:37,010 - INFO - PASSED sync_null: 969/969 records passed
2025-07-12 17:46:37,011 - INFO - PASSED sync_zero: 969/969 records passed
2025-07-12 17:46:37,011 - INFO - ============================================================
2025-07-12 17:46:37,011 - INFO - Running Quality Check 34/38: sales_revenues_Sale_CC_validation
2025-07-12 17:46:37,011 - INFO - ============================================================
2025-07-12 17:46:37,030 - INFO - Checking field 'Sale_CC' in bronze.sales_revenues
2025-07-12 17:46:37,030 - INFO - Total records: 969
2025-07-12 17:46:37,038 - INFO - PASSED enum: 969/969 records passed
2025-07-12 17:46:37,038 - INFO - PASSED positive: 969/969 records passed
2025-07-12 17:46:37,040 - INFO - PASSED non_null: 969/969 records passed
2025-07-12 17:46:37,040 - INFO - PASSED type: 969/969 records passed
2025-07-12 17:46:37,040 - INFO - PASSED sync_null: 969/969 records passed
2025-07-12 17:46:37,040 - INFO - PASSED sync_zero: 969/969 records passed
2025-07-12 17:46:37,040 - INFO - ============================================================
2025-07-12 17:46:37,041 - INFO - Running Quality Check 35/38: sales_revenues_Sale_CL_validation
2025-07-12 17:46:37,041 - INFO - ============================================================
2025-07-12 17:46:37,059 - INFO - Checking field 'Sale_CL' in bronze.sales_revenues
2025-07-12 17:46:37,061 - INFO - Total records: 969
2025-07-12 17:46:37,067 - INFO - PASSED enum: 969/969 records passed
2025-07-12 17:46:37,067 - INFO - PASSED positive: 969/969 records passed
2025-07-12 17:46:37,067 - INFO - PASSED non_null: 969/969 records passed
2025-07-12 17:46:37,069 - INFO - PASSED type: 969/969 records passed
2025-07-12 17:46:37,069 - INFO - PASSED sync_null: 969/969 records passed
2025-07-12 17:46:37,069 - INFO - PASSED sync_zero: 969/969 records passed
2025-07-12 17:46:37,069 - INFO - ============================================================
2025-07-12 17:46:37,069 - INFO - Running Quality Check 36/38: sales_revenues_Revenue_MF_validation
2025-07-12 17:46:37,069 - INFO - ============================================================
2025-07-12 17:46:37,086 - INFO - Checking field 'Revenue_MF' in bronze.sales_revenues
2025-07-12 17:46:37,086 - INFO - Total records: 969
2025-07-12 17:46:37,097 - INFO - PASSED positive: 969/969 records passed
2025-07-12 17:46:37,097 - INFO - PASSED non_null: 969/969 records passed
2025-07-12 17:46:37,097 - INFO - PASSED type: 969/969 records passed
2025-07-12 17:46:37,097 - INFO - PASSED sync_null: 969/969 records passed
2025-07-12 17:46:37,098 - INFO - PASSED sync_zero: 969/969 records passed
2025-07-12 17:46:37,098 - INFO - ============================================================
2025-07-12 17:46:37,098 - INFO - Running Quality Check 37/38: sales_revenues_Revenue_CC_validation
2025-07-12 17:46:37,098 - INFO - ============================================================
2025-07-12 17:46:37,116 - INFO - Checking field 'Revenue_CC' in bronze.sales_revenues
2025-07-12 17:46:37,116 - INFO - Total records: 969
2025-07-12 17:46:37,122 - INFO - PASSED positive: 969/969 records passed
2025-07-12 17:46:37,122 - INFO - PASSED non_null: 969/969 records passed
2025-07-12 17:46:37,125 - INFO - PASSED type: 969/969 records passed
2025-07-12 17:46:37,125 - INFO - PASSED sync_null: 969/969 records passed
2025-07-12 17:46:37,125 - INFO - PASSED sync_zero: 969/969 records passed
2025-07-12 17:46:37,125 - INFO - ============================================================
2025-07-12 17:46:37,125 - INFO - Running Quality Check 38/38: sales_revenues_Revenue_CL_validation
2025-07-12 17:46:37,125 - INFO - ============================================================
2025-07-12 17:46:37,143 - INFO - Checking field 'Revenue_CL' in bronze.sales_revenues
2025-07-12 17:46:37,143 - INFO - Total records: 969
2025-07-12 17:46:37,149 - INFO - PASSED positive: 969/969 records passed
2025-07-12 17:46:37,149 - INFO - PASSED non_null: 969/969 records passed
2025-07-12 17:46:37,149 - INFO - PASSED type: 969/969 records passed
2025-07-12 17:46:37,150 - INFO - PASSED sync_null: 969/969 records passed
2025-07-12 17:46:37,150 - INFO - PASSED sync_zero: 969/969 records passed
2025-07-12 17:46:37,150 - INFO - ============================================================
2025-07-12 17:46:37,150 - INFO - Saving results to DuckDB...
2025-07-12 17:46:37,150 - INFO - ============================================================
2025-07-12 17:46:37,181 - INFO - Created/verified dq schema
2025-07-12 17:46:37,196 - INFO - Saved 199 quality check results to dq.dq_results
2025-07-12 17:46:37,206 - INFO - Quality Check Summary:
2025-07-12 17:46:37,207 - INFO -   enum: 4 checks, 0.0 failures, 4522.0 records checked
2025-07-12 17:46:37,209 - INFO -   non_null: 38 checks, 11796.0 failures, 56428.0 records checked
2025-07-12 17:46:37,211 - INFO -   non_zero: 25 checks, 4443.0 failures, 39983.0 records checked
2025-07-12 17:46:37,211 - INFO -   positive: 37 checks, 5.0 failures, 54813.0 records checked
2025-07-12 17:46:37,212 - INFO -   sync_null: 22 checks, 0.0 failures, 31514.0 records checked
2025-07-12 17:46:37,212 - INFO -   sync_zero: 31 checks, 1058.0 failures, 45797.0 records checked
2025-07-12 17:46:37,213 - INFO -   type: 38 checks, 0.0 failures, 56428.0 records checked
2025-07-12 17:46:37,213 - INFO -   unique: 4 checks, 0.0 failures, 5786.0 records checked
2025-07-12 17:46:37,242 - INFO - ============================================================
2025-07-12 17:46:37,244 - INFO - All quality checks completed!
2025-07-12 17:46:37,244 - INFO - ============================================================
