2025-07-14 22:01:46,004 - CreatePredictions - INFO - Starting Prediction table creation process
2025-07-14 22:01:46,004 - CreatePredictions - INFO - Database path: C:\Users\jason\assignment\assignment.duckdb
2025-07-14 22:01:46,027 - CreatePredictions - INFO - Connected to DuckDB database: C:\Users\jason\assignment\assignment.duckdb
2025-07-14 22:01:46,043 - CreatePredictions - INFO - Created prediction schema
2025-07-14 22:01:46,059 - CreatePredictions - INFO - Found test_predictions_cc_sales
2025-07-14 22:01:46,064 - CreatePredictions - INFO - Found test_revenue_cc_predictions
2025-07-14 22:01:46,080 - CreatePredictions - INFO - Found test_predictions_cl_sales
2025-07-14 22:01:46,087 - CreatePredictions - INFO - Found test_revenue_cl_predictions
2025-07-14 22:01:46,101 - CreatePredictions - INFO - Found test_predictions_mf_sales
2025-07-14 22:01:46,104 - CreatePredictions - INFO - Found test_revenue_mf_predictions
2025-07-14 22:01:46,104 - CreatePredictions - INFO - Creating predictions.test_predictions_combined table...
2025-07-14 22:01:46,124 - CreatePredictions - INFO - Successfully created predictions.test_predictions_combined table
2025-07-14 22:01:46,124 - CreatePredictions - INFO - Verified: 636 rows in predictions.test_predictions_combined table
2025-07-14 22:01:46,124 - CreatePredictions - INFO - Creating predictions.optimized_outcome table...
2025-07-14 22:01:46,126 - CreatePredictions - INFO - Successfully created predictions.optimized_outcome table
2025-07-14 22:01:46,128 - CreatePredictions - INFO - Verified: 636 rows in predictions.optimized_outcome table
2025-07-14 22:01:46,128 - CreatePredictions - INFO - predictions.test_predictions_combined schema:
2025-07-14 22:01:46,134 - CreatePredictions - INFO - 
Empty DataFrame
Columns: [column_name, data_type]
Index: []
2025-07-14 22:01:46,134 - CreatePredictions - INFO - predictions.optimized_outcome schema:
2025-07-14 22:01:46,137 - CreatePredictions - INFO - 
Empty DataFrame
Columns: [column_name, data_type]
Index: []
2025-07-14 22:01:46,137 - CreatePredictions - INFO - First 3 rows of predictions.test_predictions_combined:
2025-07-14 22:01:46,151 - CreatePredictions - INFO - 
   client  cc_predicted_probability  ...  mf_predicted_revenue  mf_expected_revenue
0     545                  0.771797  ...              2.664407                  0.0
1     667                  0.413641  ...              4.356471                  0.0
2    1360                  0.472071  ...              2.295111                  0.0

[3 rows x 10 columns]
2025-07-14 22:01:46,151 - CreatePredictions - INFO - First 3 rows of predictions.optimized_outcome:
2025-07-14 22:01:46,156 - CreatePredictions - INFO - 
   client  max_expected_revenue best_product_type
0     545              7.687627                CL
1     667              0.000000                CC
2    1360              0.000000                CC
2025-07-14 22:01:46,156 - CreatePredictions - INFO - Product type distribution in optimized_outcome:
2025-07-14 22:01:46,164 - CreatePredictions - INFO - 
  best_product_type  count  percentage
0                CC    565       88.84
1                CL     59        9.28
2                MF     12        1.89
2025-07-14 22:01:46,164 - CreatePredictions - INFO - Revenue statistics:
2025-07-14 22:01:46,165 - CreatePredictions - INFO - Average expected revenue: 1.07
2025-07-14 22:01:46,165 - CreatePredictions - INFO - Minimum expected revenue: 0.0
2025-07-14 22:01:46,165 - CreatePredictions - INFO - Maximum expected revenue: 9.640000343322754
2025-07-14 22:01:46,165 - CreatePredictions - INFO - Total expected revenue: 682.73
2025-07-14 22:01:46,240 - CreatePredictions - INFO - Database connection closed
2025-07-14 22:01:46,240 - CreatePredictions - INFO - ✅ Prediction table creation process completed successfully
