2025-07-14 22:10:54,906 - CreatePredictions - INFO - Starting Prediction table creation process
2025-07-14 22:10:54,906 - CreatePredictions - INFO - Database path: C:\Users\jason\assignment\assignment.duckdb
2025-07-14 22:10:54,929 - CreatePredictions - INFO - Connected to DuckDB database: C:\Users\jason\assignment\assignment.duckdb
2025-07-14 22:10:54,929 - CreatePredictions - INFO - Created prediction schema
2025-07-14 22:10:54,955 - CreatePredictions - INFO - Found test_predictions_cc_sales
2025-07-14 22:10:54,959 - CreatePredictions - INFO - Found test_revenue_cc_predictions
2025-07-14 22:10:54,975 - CreatePredictions - INFO - Found test_predictions_cl_sales
2025-07-14 22:10:54,981 - CreatePredictions - INFO - Found test_revenue_cl_predictions
2025-07-14 22:10:54,987 - CreatePredictions - INFO - Found test_predictions_mf_sales
2025-07-14 22:10:54,992 - CreatePredictions - INFO - Found test_revenue_mf_predictions
2025-07-14 22:10:54,992 - CreatePredictions - INFO - Creating predictions.test_predictions_combined table...
2025-07-14 22:10:55,007 - CreatePredictions - INFO - Successfully created predictions.test_predictions_combined table
2025-07-14 22:10:55,008 - CreatePredictions - INFO - Verified: 636 rows in predictions.test_predictions_combined table
2025-07-14 22:10:55,008 - CreatePredictions - INFO - Creating predictions.optimized_outcome table...
2025-07-14 22:10:55,010 - CreatePredictions - INFO - Successfully created predictions.optimized_outcome table
2025-07-14 22:10:55,010 - CreatePredictions - INFO - Verified: 636 rows in predictions.optimized_outcome table
2025-07-14 22:10:55,010 - CreatePredictions - INFO - predictions.test_predictions_combined schema:
2025-07-14 22:10:55,020 - CreatePredictions - INFO - 
Empty DataFrame
Columns: [column_name, data_type]
Index: []
2025-07-14 22:10:55,020 - CreatePredictions - INFO - predictions.optimized_outcome schema:
2025-07-14 22:10:55,025 - CreatePredictions - INFO - 
Empty DataFrame
Columns: [column_name, data_type]
Index: []
2025-07-14 22:10:55,025 - CreatePredictions - INFO - First 3 rows of predictions.test_predictions_combined:
2025-07-14 22:10:55,039 - CreatePredictions - INFO - 
   client  cc_predicted_probability  ...  mf_predicted_revenue  mf_expected_revenue
0     545                  0.771797  ...              2.664407                  0.0
1     667                  0.413641  ...              4.356471                  0.0
2    1360                  0.472071  ...              2.295111                  0.0

[3 rows x 10 columns]
2025-07-14 22:10:55,039 - CreatePredictions - INFO - First 3 rows of predictions.optimized_outcome:
2025-07-14 22:10:55,046 - CreatePredictions - INFO - 
   client  max_expected_revenue best_product_type
0     545              7.687627                CL
1     667              0.000000                CC
2    1360              0.000000                CC
2025-07-14 22:10:55,046 - CreatePredictions - INFO - Product type distribution in optimized_outcome:
2025-07-14 22:10:55,055 - CreatePredictions - INFO - 
  best_product_type  count  percentage
0                CC    573       90.09
1                CL     52        8.18
2                MF     11        1.73
2025-07-14 22:10:55,055 - CreatePredictions - INFO - Revenue statistics:
2025-07-14 22:10:55,057 - CreatePredictions - INFO - Average expected revenue: 0.97
2025-07-14 22:10:55,057 - CreatePredictions - INFO - Minimum expected revenue: 0.0
2025-07-14 22:10:55,057 - CreatePredictions - INFO - Maximum expected revenue: 9.640000343322754
2025-07-14 22:10:55,057 - CreatePredictions - INFO - Total expected revenue: 615.07
2025-07-14 22:10:55,147 - CreatePredictions - INFO - Database connection closed
2025-07-14 22:10:55,147 - CreatePredictions - INFO - ✅ Prediction table creation process completed successfully
