2025-07-13 16:42:29,673 - ModelTrainingRegressor - INFO - Starting XGBoost regressor training process with Dask
2025-07-13 16:42:33,213 - ModelTrainingRegressor - INFO - Dask client created successfully
2025-07-13 16:42:33,213 - ModelTrainingRegressor - INFO - Dashboard link: http://127.0.0.1:8787/status
2025-07-13 16:42:33,213 - ModelTrainingRegressor - INFO - Workers: 5
2025-07-13 16:42:33,220 - ModelTrainingRegressor - INFO - Loading data from silver.train
2025-07-13 16:42:33,222 - ModelTrainingRegressor - INFO - Database path: C:\Users\jason\assignment\assignment.duckdb
2025-07-13 16:42:33,309 - ModelTrainingRegressor - INFO - Successfully loaded 193 rows and 36 columns
2025-07-13 16:42:33,309 - ModelTrainingRegressor - INFO - Data shape: (193, 36)
2025-07-13 16:42:33,346 - ModelTrainingRegressor - INFO - Starting regressor training with Dask...
2025-07-13 16:42:33,346 - ModelTrainingRegressor - INFO - Starting XGBoost regressor training with Dask
2025-07-13 16:42:33,346 - ModelTrainingRegressor - INFO - Response variable: Revenue_MF
2025-07-13 16:42:33,346 - ModelTrainingRegressor - INFO - Predictive variables: ['VolumeCred', 'VolumeCred_CA', 'TransactionsCred', 'TransactionsCred_CA', 'VolumeDeb', 'VolumeDeb_CA', 'VolumeDebCash_Card', 'VolumeDebCashless_Card', 'VolumeDeb_PaymentOrder', 'TransactionsDeb', 'TransactionsDeb_CA', 'TransactionsDebCash_Card', 'TransactionsDebCashless_Card', 'TransactionsDeb_PaymentOrder', 'Count_CA', 'Count_SA', 'Count_MF', 'Count_OVD', 'Count_CC', 'Count_CL', 'ActBal_SA', 'ActBal_MF', 'ActBal_OVD', 'ActBal_CC', 'ActBal_CL', 'Age', 'Tenure', 'Sex']
2025-07-13 16:42:33,346 - ModelTrainingRegressor - INFO - Categorical variables: ['Sex']
2025-07-13 16:42:33,346 - ModelTrainingRegressor - INFO - Preparing data...
2025-07-13 16:42:33,352 - ModelTrainingRegressor - INFO - Data after cleaning: (193, 29)
2025-07-13 16:42:33,352 - ModelTrainingRegressor - INFO - Target variable statistics BEFORE scaling: mean=9.6650, std=20.5742, min=0.0048, max=220.4882
2025-07-13 16:42:33,352 - ModelTrainingRegressor - INFO - Applying StandardScaler to response variable...
2025-07-13 16:42:33,356 - ModelTrainingRegressor - INFO - Target variable statistics AFTER scaling: mean=-0.0000, std=1.0026, min=-0.4707, max=10.2736
2025-07-13 16:42:33,356 - ModelTrainingRegressor - INFO - Response variable scaling completed successfully
2025-07-13 16:42:33,356 - ModelTrainingRegressor - INFO - Setting up parallel training with Dask...
2025-07-13 16:42:33,369 - ModelTrainingRegressor - INFO - Created 60 parallel training tasks
2025-07-13 16:53:48,687 - ModelTrainingRegressor - INFO - Parallel training completed in 675.32 seconds
2025-07-13 16:53:48,695 - ModelTrainingRegressor - INFO - Training completed. Generated 60 successful results
2025-07-13 16:53:48,702 - ModelTrainingRegressor - INFO - Best MAE score (on scaled target): 8.4081
2025-07-13 16:53:48,705 - ModelTrainingRegressor - INFO - Top 5 results (MAE on scaled target):
2025-07-13 16:53:48,706 - ModelTrainingRegressor - INFO -   Rank 1: MAE=8.4081, K-fold=5, max_depth=4, learning_rate=0.010
2025-07-13 16:53:48,706 - ModelTrainingRegressor - INFO -   Rank 2: MAE=8.4086, K-fold=5, max_depth=5, learning_rate=0.010
2025-07-13 16:53:48,707 - ModelTrainingRegressor - INFO -   Rank 3: MAE=8.4115, K-fold=5, max_depth=5, learning_rate=0.010
2025-07-13 16:53:48,707 - ModelTrainingRegressor - INFO -   Rank 4: MAE=8.4127, K-fold=5, max_depth=3, learning_rate=0.010
2025-07-13 16:53:48,707 - ModelTrainingRegressor - INFO -   Rank 5: MAE=8.4138, K-fold=5, max_depth=4, learning_rate=0.010
2025-07-13 16:53:48,720 - ModelTrainingRegressor - INFO - ✅ Regressor training completed successfully. Generated 60 result combinations
2025-07-13 16:53:48,720 - ModelTrainingRegressor - INFO - Saving model results to models.xgboost_sales_mf_revenue
2025-07-13 16:53:48,720 - ModelTrainingRegressor - INFO - Database path: C:\Users\jason\assignment\assignment.duckdb
2025-07-13 16:53:48,750 - ModelTrainingRegressor - INFO - Created/verified schema: models
2025-07-13 16:53:48,754 - ModelTrainingRegressor - INFO - Dropped existing table if present: models.xgboost_sales_mf_revenue
2025-07-13 16:53:48,800 - ModelTrainingRegressor - INFO - Successfully created table: models.xgboost_sales_mf_revenue
2025-07-13 16:53:48,801 - ModelTrainingRegressor - INFO - Verified: 60 rows saved to models.xgboost_sales_mf_revenue
2025-07-13 16:53:48,801 - ModelTrainingRegressor - INFO - Sample of saved model results:
2025-07-13 16:53:48,832 - ModelTrainingRegressor - INFO - 
   iteration_id  k_folds  max_depth  ...  mae_score    cv_std                                       feature_data
0            58        5          4  ...   8.408059  4.251009  [{'iteration_id': 58, 'feature_name': 'num__Vo...
1            48        5          5  ...   8.408583  4.255092  [{'iteration_id': 48, 'feature_name': 'num__Vo...
2            41        5          5  ...   8.411477  4.247249  [{'iteration_id': 41, 'feature_name': 'num__Vo...

[3 rows x 15 columns]
2025-07-13 16:53:48,910 - ModelTrainingRegressor - INFO - Database connection closed
2025-07-13 16:53:48,910 - ModelTrainingRegressor - INFO - ✅ Model results saved to database successfully
2025-07-13 16:53:48,913 - ModelTrainingRegressor - INFO - Saving feature importance results to models.xgbreg_sales_mf_revenue
2025-07-13 16:53:48,913 - ModelTrainingRegressor - INFO - Database path: C:\Users\jason\assignment\assignment.duckdb
2025-07-13 16:53:48,948 - ModelTrainingRegressor - INFO - Created/verified schema: models
2025-07-13 16:53:48,952 - ModelTrainingRegressor - INFO - Dropped existing table if present: models.xgbreg_sales_mf_revenue
2025-07-13 16:53:48,959 - ModelTrainingRegressor - INFO - Successfully created table: models.xgbreg_sales_mf_revenue
2025-07-13 16:53:48,959 - ModelTrainingRegressor - INFO - Verified: 1680 rows saved to models.xgbreg_sales_mf_revenue
2025-07-13 16:53:48,959 - ModelTrainingRegressor - INFO - Sample of saved feature importance results:
2025-07-13 16:53:48,966 - ModelTrainingRegressor - INFO - 
   iteration_id              feature_name  feature_importance  explained_variance  feature_importance_rank
0            58           num__VolumeCred            0.067983            0.067983                        3
1            58        num__VolumeCred_CA            0.084284            0.084284                       26
2            58     num__TransactionsCred            0.105439            0.105439                        2
3            58  num__TransactionsCred_CA            0.000000            0.000000                        7
4            58            num__VolumeDeb            0.082666            0.082666                        5
2025-07-13 16:53:49,009 - ModelTrainingRegressor - INFO - Database connection closed
2025-07-13 16:53:49,010 - ModelTrainingRegressor - INFO - ✅ Feature importance results saved to database successfully
2025-07-13 16:53:50,111 - ModelTrainingRegressor - INFO - Dask client closed
