2025-07-12 23:19:41,578 - ModelTraining - INFO - Starting XGBoost model training process with Dask
2025-07-12 23:19:45,227 - ModelTraining - INFO - Dask client created successfully
2025-07-12 23:19:45,227 - ModelTraining - INFO - Dashboard link: http://127.0.0.1:8787/status
2025-07-12 23:19:45,230 - ModelTraining - INFO - Workers: 5
2025-07-12 23:19:45,231 - ModelTraining - INFO - Loading data from silver.train
2025-07-12 23:19:45,232 - ModelTraining - INFO - Database path: C:\Users\jason\assignment\assignment.duckdb
2025-07-12 23:19:45,387 - ModelTraining - INFO - Successfully loaded 969 rows and 36 columns
2025-07-12 23:19:45,388 - ModelTraining - INFO - Data shape: (969, 36)
2025-07-12 23:19:45,398 - ModelTraining - INFO - Starting model training with Dask...
2025-07-12 23:19:45,398 - ModelTraining - INFO - Starting XGBoost binary classifier training with Dask
2025-07-12 23:19:45,398 - ModelTraining - INFO - Response variable: Sale_MF
2025-07-12 23:19:45,398 - ModelTraining - INFO - Predictive variables: ['VolumeCred', 'VolumeCred_CA', 'TransactionsCred', 'TransactionsCred_CA', 'VolumeDeb', 'VolumeDeb_CA', 'VolumeDebCash_Card', 'VolumeDebCashless_Card', 'VolumeDeb_PaymentOrder', 'TransactionsDeb', 'TransactionsDeb_CA', 'TransactionsDebCash_Card', 'TransactionsDebCashless_Card', 'TransactionsDeb_PaymentOrder', 'Count_CA', 'Count_SA', 'Count_MF', 'Count_OVD', 'Count_CC', 'Count_CL', 'ActBal_CA', 'ActBal_SA', 'ActBal_MF', 'ActBal_OVD', 'ActBal_CC', 'ActBal_CL', 'Age', 'Tenure', 'Sex']
2025-07-12 23:19:45,398 - ModelTraining - INFO - Categorical variables: ['Sex']
2025-07-12 23:19:45,399 - ModelTraining - INFO - Preparing data...
2025-07-12 23:19:45,414 - ModelTraining - INFO - Data after cleaning: (969, 30)
2025-07-12 23:19:45,416 - ModelTraining - INFO - Target distribution: {0: 776, 1: 193}
2025-07-12 23:19:45,417 - ModelTraining - INFO - Setting up parallel training with Dask...
2025-07-12 23:19:45,430 - ModelTraining - INFO - Created 40 parallel training tasks
2025-07-12 23:24:59,573 - ModelTraining - INFO - Parallel training completed in 314.14 seconds
2025-07-12 23:24:59,577 - ModelTraining - INFO - Training completed. Generated 40 successful results
2025-07-12 23:24:59,577 - ModelTraining - INFO - Best AUC score: 0.6105
2025-07-12 23:24:59,577 - ModelTraining - INFO - Top 5 results:
2025-07-12 23:24:59,578 - ModelTraining - INFO -   Rank 1: AUC=0.6105, K-fold=4.0, max_depth=9.0, learning_rate=0.250
2025-07-12 23:24:59,578 - ModelTraining - INFO -   Rank 2: AUC=0.6014, K-fold=4.0, max_depth=10.0, learning_rate=0.150
2025-07-12 23:24:59,579 - ModelTraining - INFO -   Rank 3: AUC=0.6013, K-fold=4.0, max_depth=8.0, learning_rate=0.150
2025-07-12 23:24:59,579 - ModelTraining - INFO -   Rank 4: AUC=0.5979, K-fold=4.0, max_depth=7.0, learning_rate=0.150
2025-07-12 23:24:59,579 - ModelTraining - INFO -   Rank 5: AUC=0.5940, K-fold=4.0, max_depth=8.0, learning_rate=0.100
2025-07-12 23:24:59,585 - ModelTraining - INFO - ✅ Model training completed successfully. Generated 40 result combinations
2025-07-12 23:24:59,586 - ModelTraining - INFO - Saving model results to models.xgboost_training_results_dask
2025-07-12 23:24:59,586 - ModelTraining - INFO - Database path: C:\Users\jason\assignment\assignment.duckdb
2025-07-12 23:24:59,621 - ModelTraining - INFO - Created/verified schema: models
2025-07-12 23:24:59,626 - ModelTraining - INFO - Dropped existing table if present: models.xgboost_training_results_dask
2025-07-12 23:24:59,637 - ModelTraining - INFO - Successfully created table: models.xgboost_training_results_dask
2025-07-12 23:24:59,638 - ModelTraining - INFO - Verified: 40 rows saved to models.xgboost_training_results_dask
2025-07-12 23:24:59,638 - ModelTraining - INFO - Sample of saved model results:
2025-07-12 23:24:59,657 - ModelTraining - INFO - 
   iteration_id  k_folds  max_depth  min_child_weight  gamma  ...  n_estimators  scale_pos_weight  runtime_seconds  auc_score    cv_std
0            27        4          9                 4    3.5  ...           300          4.020725       101.744539   0.610524  0.036138
1            21        4         10                 9    8.5  ...           300          4.020725       130.431298   0.601419  0.042102
2            28        4          8                16    6.5  ...          2000          4.020725       100.947040   0.601290  0.041527

[3 rows x 14 columns]
2025-07-12 23:24:59,693 - ModelTraining - INFO - Database connection closed
2025-07-12 23:24:59,694 - ModelTraining - INFO - ✅ Model results saved to database successfully
2025-07-12 23:25:00,670 - ModelTraining - INFO - Dask client closed
