2025-07-13 01:15:16,458 - ModelTraining - INFO - Starting XGBoost model training process with Dask
2025-07-13 01:15:20,048 - ModelTraining - INFO - Dask client created successfully
2025-07-13 01:15:20,048 - ModelTraining - INFO - Dashboard link: http://127.0.0.1:8787/status
2025-07-13 01:15:20,049 - ModelTraining - INFO - Workers: 5
2025-07-13 01:15:20,050 - ModelTraining - INFO - Loading data from silver.train
2025-07-13 01:15:20,050 - ModelTraining - INFO - Database path: C:\Users\jason\assignment\assignment.duckdb
2025-07-13 01:15:20,112 - ModelTraining - INFO - Successfully loaded 969 rows and 36 columns
2025-07-13 01:15:20,112 - ModelTraining - INFO - Data shape: (969, 36)
2025-07-13 01:15:20,117 - ModelTraining - INFO - Starting model training with Dask...
2025-07-13 01:15:20,117 - ModelTraining - INFO - Starting XGBoost binary classifier training with Dask
2025-07-13 01:15:20,117 - ModelTraining - INFO - Response variable: Sale_MF
2025-07-13 01:15:20,117 - ModelTraining - INFO - Predictive variables: ['TransactionsDebCashless_Card', 'Count_MF', 'VolumeDebCashless_Card', 'ActBal_SA']
2025-07-13 01:15:20,117 - ModelTraining - INFO - Categorical variables: []
2025-07-13 01:15:20,117 - ModelTraining - INFO - Preparing data...
2025-07-13 01:15:20,122 - ModelTraining - INFO - Data after cleaning: (969, 5)
2025-07-13 01:15:20,123 - ModelTraining - INFO - Target distribution: {0: 776, 1: 193}
2025-07-13 01:15:20,123 - ModelTraining - INFO - Setting up parallel training with Dask...
2025-07-13 01:15:20,132 - ModelTraining - INFO - Created 30 parallel training tasks
2025-07-13 01:19:58,484 - ModelTraining - INFO - Parallel training completed in 278.35 seconds
2025-07-13 01:19:58,493 - ModelTraining - INFO - Training completed. Generated 30 successful results
2025-07-13 01:19:58,493 - ModelTraining - INFO - Best AUC score: 0.6481
2025-07-13 01:19:58,493 - ModelTraining - INFO - Top 5 results:
2025-07-13 01:19:58,493 - ModelTraining - INFO -   Rank 1: AUC=0.6481, K-fold=5.0, max_depth=8.0, learning_rate=0.200
2025-07-13 01:19:58,493 - ModelTraining - INFO -   Rank 2: AUC=0.6420, K-fold=5.0, max_depth=5.0, learning_rate=0.050
2025-07-13 01:19:58,493 - ModelTraining - INFO -   Rank 3: AUC=0.6409, K-fold=5.0, max_depth=9.0, learning_rate=0.200
2025-07-13 01:19:58,496 - ModelTraining - INFO -   Rank 4: AUC=0.6378, K-fold=5.0, max_depth=5.0, learning_rate=0.250
2025-07-13 01:19:58,496 - ModelTraining - INFO -   Rank 5: AUC=0.6373, K-fold=5.0, max_depth=10.0, learning_rate=0.300
2025-07-13 01:19:58,504 - ModelTraining - INFO - ✅ Model training completed successfully. Generated 30 result combinations
2025-07-13 01:19:58,504 - ModelTraining - INFO - Saving model results to models.xgboost_mf_sales_top
2025-07-13 01:19:58,504 - ModelTraining - INFO - Database path: C:\Users\jason\assignment\assignment.duckdb
2025-07-13 01:19:58,540 - ModelTraining - INFO - Created/verified schema: models
2025-07-13 01:19:58,545 - ModelTraining - INFO - Dropped existing table if present: models.xgboost_mf_sales_top
2025-07-13 01:19:58,553 - ModelTraining - INFO - Successfully created table: models.xgboost_mf_sales_top
2025-07-13 01:19:58,555 - ModelTraining - INFO - Verified: 30 rows saved to models.xgboost_mf_sales_top
2025-07-13 01:19:58,555 - ModelTraining - INFO - Sample of saved model results:
2025-07-13 01:19:58,576 - ModelTraining - INFO - 
   iteration_id  k_folds  max_depth  min_child_weight  gamma  ...  n_estimators  scale_pos_weight  runtime_seconds  auc_score    cv_std
0            23        5          8                21    0.0  ...           500          4.020725       197.538638   0.648123  0.024199
1            21        5          5                 7    1.5  ...           700          4.020725        78.468573   0.642014  0.047025
2            24        5          9                18    0.0  ...           300          4.020725       204.295394   0.640863  0.039326

[3 rows x 14 columns]
2025-07-13 01:19:58,620 - ModelTraining - INFO - Database connection closed
2025-07-13 01:19:58,620 - ModelTraining - INFO - ✅ Model results saved to database successfully
2025-07-13 01:19:59,523 - ModelTraining - INFO - Dask client closed
