2025-07-14 00:42:41,619 - ModelTrainingRegressor - INFO - Starting XGBoost regressor training process with Dask
2025-07-14 00:42:45,484 - ModelTrainingRegressor - INFO - Dask client created successfully
2025-07-14 00:42:45,486 - ModelTrainingRegressor - INFO - Dashboard link: http://127.0.0.1:8787/status
2025-07-14 00:42:45,492 - ModelTrainingRegressor - INFO - Workers: 5
2025-07-14 00:42:45,503 - ModelTrainingRegressor - INFO - Loading data from silver.train
2025-07-14 00:42:45,506 - ModelTrainingRegressor - INFO - Database path: C:\Users\jason\assignment\assignment.duckdb
2025-07-14 00:42:45,693 - ModelTrainingRegressor - INFO - Successfully loaded 290 rows and 36 columns
2025-07-14 00:42:45,693 - ModelTrainingRegressor - INFO - Data shape: (290, 36)
2025-07-14 00:42:45,753 - ModelTrainingRegressor - INFO - Starting regressor training with Dask...
2025-07-14 00:42:45,753 - ModelTrainingRegressor - INFO - Starting XGBoost regressor training with Dask
2025-07-14 00:42:45,753 - ModelTrainingRegressor - INFO - Response variable: Revenue_CL
2025-07-14 00:42:45,753 - ModelTrainingRegressor - INFO - Predictive variables: ['VolumeCred', 'VolumeCred_CA', 'TransactionsCred', 'TransactionsCred_CA', 'VolumeDeb', 'VolumeDeb_CA', 'VolumeDebCash_Card', 'VolumeDebCashless_Card', 'VolumeDeb_PaymentOrder', 'TransactionsDeb', 'TransactionsDeb_CA', 'TransactionsDebCash_Card', 'TransactionsDebCashless_Card', 'TransactionsDeb_PaymentOrder', 'Count_CA', 'Count_SA', 'Count_MF', 'Count_OVD', 'Count_CC', 'Count_CL', 'ActBal_SA', 'ActBal_MF', 'ActBal_OVD', 'ActBal_CC', 'ActBal_CL', 'Age', 'Tenure', 'Sex']
2025-07-14 00:42:45,753 - ModelTrainingRegressor - INFO - Categorical variables: ['Sex']
2025-07-14 00:42:45,753 - ModelTrainingRegressor - INFO - Preparing data...
2025-07-14 00:42:45,767 - ModelTrainingRegressor - INFO - Data after cleaning: (290, 29)
2025-07-14 00:42:45,767 - ModelTrainingRegressor - INFO - Target variable statistics BEFORE scaling: mean=12.0431, std=9.9431, min=1.0714, max=133.2754
2025-07-14 00:42:45,767 - ModelTrainingRegressor - INFO - Applying StandardScaler to response variable...
2025-07-14 00:42:45,767 - ModelTrainingRegressor - INFO - Target variable statistics AFTER scaling: mean=0.0000, std=1.0017, min=-1.1053, max=12.2136
2025-07-14 00:42:45,767 - ModelTrainingRegressor - INFO - Response variable scaling completed successfully
2025-07-14 00:42:45,767 - ModelTrainingRegressor - INFO - Setting up parallel training with Dask...
2025-07-14 00:42:45,778 - ModelTrainingRegressor - INFO - Created 30 parallel training tasks
2025-07-14 00:59:21,242 - ModelTrainingRegressor - INFO - Parallel training completed in 995.46 seconds
2025-07-14 00:59:21,271 - ModelTrainingRegressor - INFO - Training completed. Generated 30 successful results
2025-07-14 00:59:21,272 - ModelTrainingRegressor - INFO - Best MAE score (on scaled target): 5.6929
2025-07-14 00:59:21,272 - ModelTrainingRegressor - INFO - Top 5 results (MAE on scaled target):
2025-07-14 00:59:21,273 - ModelTrainingRegressor - INFO -   Rank 1: MAE=5.6929, K-fold=4, max_depth=5, learning_rate=0.010
2025-07-14 00:59:21,273 - ModelTrainingRegressor - INFO -   Rank 2: MAE=5.6993, K-fold=4, max_depth=10, learning_rate=0.010
2025-07-14 00:59:21,273 - ModelTrainingRegressor - INFO -   Rank 3: MAE=5.7012, K-fold=4, max_depth=14, learning_rate=0.010
2025-07-14 00:59:21,273 - ModelTrainingRegressor - INFO -   Rank 4: MAE=5.7025, K-fold=4, max_depth=7, learning_rate=0.010
2025-07-14 00:59:21,273 - ModelTrainingRegressor - INFO -   Rank 5: MAE=5.7032, K-fold=4, max_depth=6, learning_rate=0.010
2025-07-14 00:59:21,278 - ModelTrainingRegressor - INFO - ✅ Regressor training completed successfully. Generated 30 result combinations
2025-07-14 00:59:21,278 - ModelTrainingRegressor - INFO - Saving model results to models.xgboost_sales_cl_revenue
2025-07-14 00:59:21,278 - ModelTrainingRegressor - INFO - Database path: C:\Users\jason\assignment\assignment.duckdb
2025-07-14 00:59:21,328 - ModelTrainingRegressor - INFO - Created/verified schema: models
2025-07-14 00:59:21,330 - ModelTrainingRegressor - INFO - Dropped existing table if present: models.xgboost_sales_cl_revenue
2025-07-14 00:59:21,368 - ModelTrainingRegressor - INFO - Successfully created table: models.xgboost_sales_cl_revenue
2025-07-14 00:59:21,370 - ModelTrainingRegressor - INFO - Verified: 30 rows saved to models.xgboost_sales_cl_revenue
2025-07-14 00:59:21,370 - ModelTrainingRegressor - INFO - Sample of saved model results:
2025-07-14 00:59:21,405 - ModelTrainingRegressor - INFO - 
   iteration_id  k_folds  max_depth  ...  mae_score    cv_std                                       feature_data
0            12        4          5  ...   5.692934  1.676709  [{'iteration_id': 12, 'feature_name': 'num__Vo...
1            14        4         10  ...   5.699319  1.692347  [{'iteration_id': 14, 'feature_name': 'num__Vo...
2            10        4         14  ...   5.701202  1.681072  [{'iteration_id': 10, 'feature_name': 'num__Vo...

[3 rows x 15 columns]
2025-07-14 00:59:21,473 - ModelTrainingRegressor - INFO - Database connection closed
2025-07-14 00:59:21,473 - ModelTrainingRegressor - INFO - ✅ Model results saved to database successfully
2025-07-14 00:59:21,475 - ModelTrainingRegressor - INFO - Saving feature importance results to models.xgbreg_sales_cl_revenue
2025-07-14 00:59:21,475 - ModelTrainingRegressor - INFO - Database path: C:\Users\jason\assignment\assignment.duckdb
2025-07-14 00:59:21,506 - ModelTrainingRegressor - INFO - Created/verified schema: models
2025-07-14 00:59:21,508 - ModelTrainingRegressor - INFO - Dropped existing table if present: models.xgbreg_sales_cl_revenue
2025-07-14 00:59:21,514 - ModelTrainingRegressor - INFO - Successfully created table: models.xgbreg_sales_cl_revenue
2025-07-14 00:59:21,516 - ModelTrainingRegressor - INFO - Verified: 870 rows saved to models.xgbreg_sales_cl_revenue
2025-07-14 00:59:21,516 - ModelTrainingRegressor - INFO - Sample of saved feature importance results:
2025-07-14 00:59:21,523 - ModelTrainingRegressor - INFO - 
   iteration_id              feature_name  feature_importance  explained_variance  feature_importance_rank
0            12           num__VolumeCred            0.046234            0.046234                        4
1            12        num__VolumeCred_CA            0.052347            0.052347                       13
2            12     num__TransactionsCred            0.050226            0.050226                        6
3            12  num__TransactionsCred_CA            0.067171            0.067171                       28
4            12            num__VolumeDeb            0.034374            0.034374                       11
2025-07-14 00:59:21,570 - ModelTrainingRegressor - INFO - Database connection closed
2025-07-14 00:59:21,570 - ModelTrainingRegressor - INFO - ✅ Feature importance results saved to database successfully
2025-07-14 00:59:23,200 - ModelTrainingRegressor - INFO - Dask client closed
