2025-07-13 16:34:03,859 - ModelTrainingRegressor - INFO - Starting XGBoost regressor training process with Dask
2025-07-13 16:34:07,294 - ModelTrainingRegressor - INFO - Dask client created successfully
2025-07-13 16:34:07,294 - ModelTrainingRegressor - INFO - Dashboard link: http://127.0.0.1:8787/status
2025-07-13 16:34:07,296 - ModelTrainingRegressor - INFO - Workers: 5
2025-07-13 16:34:07,296 - ModelTrainingRegressor - INFO - Loading data from silver.train
2025-07-13 16:34:07,296 - ModelTrainingRegressor - INFO - Database path: C:\Users\jason\assignment\assignment.duckdb
2025-07-13 16:34:07,357 - ModelTrainingRegressor - INFO - Successfully loaded 193 rows and 36 columns
2025-07-13 16:34:07,357 - ModelTrainingRegressor - INFO - Data shape: (193, 36)
2025-07-13 16:34:07,392 - ModelTrainingRegressor - INFO - Starting regressor training with Dask...
2025-07-13 16:34:07,392 - ModelTrainingRegressor - INFO - Starting XGBoost regressor training with Dask
2025-07-13 16:34:07,392 - ModelTrainingRegressor - INFO - Response variable: Revenue_MF
2025-07-13 16:34:07,392 - ModelTrainingRegressor - INFO - Predictive variables: ['VolumeCred', 'VolumeCred_CA', 'TransactionsCred', 'TransactionsCred_CA', 'VolumeDeb', 'VolumeDeb_CA', 'VolumeDebCash_Card', 'VolumeDebCashless_Card', 'VolumeDeb_PaymentOrder', 'TransactionsDeb', 'TransactionsDeb_CA', 'TransactionsDebCash_Card', 'TransactionsDebCashless_Card', 'TransactionsDeb_PaymentOrder', 'Count_CA', 'Count_SA', 'Count_MF', 'Count_OVD', 'Count_CC', 'Count_CL', 'ActBal_SA', 'ActBal_MF', 'ActBal_OVD', 'ActBal_CC', 'ActBal_CL', 'Age', 'Tenure', 'Sex']
2025-07-13 16:34:07,392 - ModelTrainingRegressor - INFO - Categorical variables: ['Sex']
2025-07-13 16:34:07,392 - ModelTrainingRegressor - INFO - Preparing data...
2025-07-13 16:34:07,401 - ModelTrainingRegressor - INFO - Data after cleaning: (193, 29)
2025-07-13 16:34:07,402 - ModelTrainingRegressor - INFO - Target variable statistics BEFORE scaling: mean=9.6650, std=20.5742, min=0.0048, max=220.4882
2025-07-13 16:34:07,402 - ModelTrainingRegressor - INFO - Applying StandardScaler to response variable...
2025-07-13 16:34:07,404 - ModelTrainingRegressor - INFO - Target variable statistics AFTER scaling: mean=-0.0000, std=1.0026, min=-0.4707, max=10.2736
2025-07-13 16:34:07,405 - ModelTrainingRegressor - INFO - Response variable scaling completed successfully
2025-07-13 16:34:07,406 - ModelTrainingRegressor - INFO - Setting up parallel training with Dask...
2025-07-13 16:34:07,407 - ModelTrainingRegressor - INFO - Created 6 parallel training tasks
2025-07-13 16:35:18,905 - ModelTrainingRegressor - INFO - Parallel training completed in 71.50 seconds
2025-07-13 16:35:18,918 - ModelTrainingRegressor - INFO - Training completed. Generated 6 successful results
2025-07-13 16:35:18,918 - ModelTrainingRegressor - INFO - Best MAE score (on scaled target): 8.4194
2025-07-13 16:35:18,918 - ModelTrainingRegressor - INFO - Top 5 results (MAE on scaled target):
2025-07-13 16:35:18,918 - ModelTrainingRegressor - INFO -   Rank 1: MAE=8.4194, K-fold=5, max_depth=9, learning_rate=0.010
2025-07-13 16:35:18,918 - ModelTrainingRegressor - INFO -   Rank 2: MAE=8.4207, K-fold=5, max_depth=4, learning_rate=0.010
2025-07-13 16:35:18,918 - ModelTrainingRegressor - INFO -   Rank 3: MAE=8.4428, K-fold=4, max_depth=3, learning_rate=0.010
2025-07-13 16:35:18,918 - ModelTrainingRegressor - INFO -   Rank 4: MAE=8.4501, K-fold=4, max_depth=5, learning_rate=0.010
2025-07-13 16:35:18,920 - ModelTrainingRegressor - INFO -   Rank 5: MAE=8.4507, K-fold=3, max_depth=13, learning_rate=0.010
2025-07-13 16:35:18,921 - ModelTrainingRegressor - INFO - ✅ Regressor training completed successfully. Generated 6 result combinations
2025-07-13 16:35:18,922 - ModelTrainingRegressor - INFO - Saving model results to models.xgboost_sales_mf_revenue
2025-07-13 16:35:18,922 - ModelTrainingRegressor - INFO - Database path: C:\Users\jason\assignment\assignment.duckdb
2025-07-13 16:35:18,956 - ModelTrainingRegressor - INFO - Created/verified schema: models
2025-07-13 16:35:18,963 - ModelTrainingRegressor - INFO - Dropped existing table if present: models.xgboost_sales_mf_revenue
2025-07-13 16:35:18,975 - ModelTrainingRegressor - INFO - Successfully created table: models.xgboost_sales_mf_revenue
2025-07-13 16:35:18,976 - ModelTrainingRegressor - INFO - Verified: 6 rows saved to models.xgboost_sales_mf_revenue
2025-07-13 16:35:18,976 - ModelTrainingRegressor - INFO - Sample of saved model results:
2025-07-13 16:35:19,012 - ModelTrainingRegressor - INFO - 
   iteration_id  k_folds  max_depth  ...  mae_score    cv_std                                       feature_data
0             5        5          9  ...   8.419378  4.247187  [{'iteration_id': 5, 'feature_name': 'num__Vol...
1             4        5          4  ...   8.420654  4.247642  [{'iteration_id': 4, 'feature_name': 'num__Vol...
2             3        4          3  ...   8.442830  1.854314  [{'iteration_id': 3, 'feature_name': 'num__Vol...

[3 rows x 15 columns]
2025-07-13 16:35:19,064 - ModelTrainingRegressor - INFO - Database connection closed
2025-07-13 16:35:19,064 - ModelTrainingRegressor - INFO - ✅ Model results saved to database successfully
2025-07-13 16:35:19,064 - ModelTrainingRegressor - INFO - Saving feature importance results to models.xgbreg_sales_mf_revenue
2025-07-13 16:35:19,064 - ModelTrainingRegressor - INFO - Database path: C:\Users\jason\assignment\assignment.duckdb
2025-07-13 16:35:19,098 - ModelTrainingRegressor - INFO - Created/verified schema: models
2025-07-13 16:35:19,101 - ModelTrainingRegressor - INFO - Dropped existing table if present: models.xgbreg_sales_mf_revenue
2025-07-13 16:35:19,105 - ModelTrainingRegressor - INFO - Successfully created table: models.xgbreg_sales_mf_revenue
2025-07-13 16:35:19,106 - ModelTrainingRegressor - INFO - Verified: 168 rows saved to models.xgbreg_sales_mf_revenue
2025-07-13 16:35:19,106 - ModelTrainingRegressor - INFO - Sample of saved feature importance results:
2025-07-13 16:35:19,112 - ModelTrainingRegressor - INFO - 
   iteration_id              feature_name  feature_importance  explained_variance  feature_importance_rank
0             5           num__VolumeCred            0.040697            0.040697                       26
1             5        num__VolumeCred_CA            0.044402            0.044402                        7
2             5     num__TransactionsCred            0.032725            0.032725                       17
3             5  num__TransactionsCred_CA            0.043922            0.043922                       13
4             5            num__VolumeDeb            0.035760            0.035760                       22
2025-07-13 16:35:19,154 - ModelTrainingRegressor - INFO - Database connection closed
2025-07-13 16:35:19,154 - ModelTrainingRegressor - INFO - ✅ Feature importance results saved to database successfully
2025-07-13 16:35:19,574 - ModelTrainingRegressor - INFO - Dask client closed
