2025-07-13 17:23:10,918 - ModelTrainingRegressor - INFO - Starting XGBoost regressor training process with Dask
2025-07-13 17:23:14,407 - ModelTrainingRegressor - INFO - Dask client created successfully
2025-07-13 17:23:14,407 - ModelTrainingRegressor - INFO - Dashboard link: http://127.0.0.1:8787/status
2025-07-13 17:23:14,407 - ModelTrainingRegressor - INFO - Workers: 5
2025-07-13 17:23:14,407 - ModelTrainingRegressor - INFO - Loading data from silver.train
2025-07-13 17:23:14,407 - ModelTrainingRegressor - INFO - Database path: C:\Users\jason\assignment\assignment.duckdb
2025-07-13 17:23:14,560 - ModelTrainingRegressor - INFO - Successfully loaded 193 rows and 36 columns
2025-07-13 17:23:14,560 - ModelTrainingRegressor - INFO - Data shape: (193, 36)
2025-07-13 17:23:14,604 - ModelTrainingRegressor - INFO - Starting regressor training with Dask...
2025-07-13 17:23:14,604 - ModelTrainingRegressor - INFO - Starting XGBoost regressor training with Dask
2025-07-13 17:23:14,604 - ModelTrainingRegressor - INFO - Response variable: Revenue_CC
2025-07-13 17:23:14,604 - ModelTrainingRegressor - INFO - Predictive variables: ['VolumeCred', 'VolumeCred_CA', 'TransactionsCred', 'TransactionsCred_CA', 'VolumeDeb', 'VolumeDeb_CA', 'VolumeDebCash_Card', 'VolumeDebCashless_Card', 'VolumeDeb_PaymentOrder', 'TransactionsDeb', 'TransactionsDeb_CA', 'TransactionsDebCash_Card', 'TransactionsDebCashless_Card', 'TransactionsDeb_PaymentOrder', 'Count_CA', 'Count_SA', 'Count_MF', 'Count_OVD', 'Count_CC', 'Count_CL', 'ActBal_SA', 'ActBal_MF', 'ActBal_OVD', 'ActBal_CC', 'ActBal_CL', 'Age', 'Tenure', 'Sex']
2025-07-13 17:23:14,604 - ModelTrainingRegressor - INFO - Categorical variables: ['Sex']
2025-07-13 17:23:14,604 - ModelTrainingRegressor - INFO - Preparing data...
2025-07-13 17:23:14,617 - ModelTrainingRegressor - INFO - Data after cleaning: (193, 29)
2025-07-13 17:23:14,617 - ModelTrainingRegressor - INFO - Target variable statistics BEFORE scaling: mean=2.1370, std=15.4904, min=0.0000, max=213.2929
2025-07-13 17:23:14,618 - ModelTrainingRegressor - INFO - Applying StandardScaler to response variable...
2025-07-13 17:23:14,620 - ModelTrainingRegressor - INFO - Target variable statistics AFTER scaling: mean=-0.0000, std=1.0026, min=-0.1383, max=13.6669
2025-07-13 17:23:14,620 - ModelTrainingRegressor - INFO - Response variable scaling completed successfully
2025-07-13 17:23:14,620 - ModelTrainingRegressor - INFO - Setting up parallel training with Dask...
2025-07-13 17:23:14,634 - ModelTrainingRegressor - INFO - Created 60 parallel training tasks
2025-07-13 17:33:44,349 - ModelTrainingRegressor - INFO - Parallel training completed in 629.71 seconds
2025-07-13 17:33:44,352 - ModelTrainingRegressor - INFO - Training completed. Generated 60 successful results
2025-07-13 17:33:44,352 - ModelTrainingRegressor - INFO - Best MAE score (on scaled target): 2.1398
2025-07-13 17:33:44,352 - ModelTrainingRegressor - INFO - Top 5 results (MAE on scaled target):
2025-07-13 17:33:44,352 - ModelTrainingRegressor - INFO -   Rank 1: MAE=2.1398, K-fold=5, max_depth=3, learning_rate=0.010
2025-07-13 17:33:44,352 - ModelTrainingRegressor - INFO -   Rank 2: MAE=2.1399, K-fold=5, max_depth=3, learning_rate=0.010
2025-07-13 17:33:44,352 - ModelTrainingRegressor - INFO -   Rank 3: MAE=2.1418, K-fold=5, max_depth=4, learning_rate=0.010
2025-07-13 17:33:44,353 - ModelTrainingRegressor - INFO -   Rank 4: MAE=2.1423, K-fold=3, max_depth=3, learning_rate=0.010
2025-07-13 17:33:44,353 - ModelTrainingRegressor - INFO -   Rank 5: MAE=2.1428, K-fold=5, max_depth=4, learning_rate=0.010
2025-07-13 17:33:44,367 - ModelTrainingRegressor - INFO - ✅ Regressor training completed successfully. Generated 60 result combinations
2025-07-13 17:33:44,367 - ModelTrainingRegressor - INFO - Saving model results to models.xgboost_sales_cc_revenue
2025-07-13 17:33:44,367 - ModelTrainingRegressor - INFO - Database path: C:\Users\jason\assignment\assignment.duckdb
2025-07-13 17:33:44,393 - ModelTrainingRegressor - INFO - Created/verified schema: models
2025-07-13 17:33:44,393 - ModelTrainingRegressor - INFO - Dropped existing table if present: models.xgboost_sales_cc_revenue
2025-07-13 17:33:44,435 - ModelTrainingRegressor - INFO - Successfully created table: models.xgboost_sales_cc_revenue
2025-07-13 17:33:44,437 - ModelTrainingRegressor - INFO - Verified: 60 rows saved to models.xgboost_sales_cc_revenue
2025-07-13 17:33:44,438 - ModelTrainingRegressor - INFO - Sample of saved model results:
2025-07-13 17:33:44,467 - ModelTrainingRegressor - INFO - 
   iteration_id  k_folds  max_depth  ...  mae_score    cv_std                                       feature_data
0            47        5          3  ...   2.139790  2.391021  [{'iteration_id': 47, 'feature_name': 'num__Vo...
1            42        5          3  ...   2.139863  2.393598  [{'iteration_id': 42, 'feature_name': 'num__Vo...
2            56        5          4  ...   2.141770  2.392039  [{'iteration_id': 56, 'feature_name': 'num__Vo...

[3 rows x 15 columns]
2025-07-13 17:33:44,519 - ModelTrainingRegressor - INFO - Database connection closed
2025-07-13 17:33:44,519 - ModelTrainingRegressor - INFO - ✅ Model results saved to database successfully
2025-07-13 17:33:44,525 - ModelTrainingRegressor - INFO - Saving feature importance results to models.xgbreg_sales_cc_revenue
2025-07-13 17:33:44,525 - ModelTrainingRegressor - INFO - Database path: C:\Users\jason\assignment\assignment.duckdb
2025-07-13 17:33:44,565 - ModelTrainingRegressor - INFO - Created/verified schema: models
2025-07-13 17:33:44,565 - ModelTrainingRegressor - INFO - Dropped existing table if present: models.xgbreg_sales_cc_revenue
2025-07-13 17:33:44,582 - ModelTrainingRegressor - INFO - Successfully created table: models.xgbreg_sales_cc_revenue
2025-07-13 17:33:44,584 - ModelTrainingRegressor - INFO - Verified: 1680 rows saved to models.xgbreg_sales_cc_revenue
2025-07-13 17:33:44,584 - ModelTrainingRegressor - INFO - Sample of saved feature importance results:
2025-07-13 17:33:44,587 - ModelTrainingRegressor - INFO - 
   iteration_id              feature_name  feature_importance  explained_variance  feature_importance_rank
0            47           num__VolumeCred            0.046078            0.046078                       10
1            47        num__VolumeCred_CA            0.034822            0.034822                        6
2            47     num__TransactionsCred            0.040407            0.040407                       27
3            47  num__TransactionsCred_CA            0.034029            0.034029                       18
4            47            num__VolumeDeb            0.040602            0.040602                        1
2025-07-13 17:33:44,656 - ModelTrainingRegressor - INFO - Database connection closed
2025-07-13 17:33:44,658 - ModelTrainingRegressor - INFO - ✅ Feature importance results saved to database successfully
2025-07-13 17:33:45,848 - ModelTrainingRegressor - INFO - Dask client closed
