2025-07-13 00:31:46,106 - ModelTraining - INFO - Starting XGBoost model training process with Dask
2025-07-13 00:31:49,600 - ModelTraining - INFO - Dask client created successfully
2025-07-13 00:31:49,600 - ModelTraining - INFO - Dashboard link: http://127.0.0.1:8787/status
2025-07-13 00:31:49,608 - ModelTraining - INFO - Workers: 5
2025-07-13 00:31:49,608 - ModelTraining - INFO - Loading data from silver.train
2025-07-13 00:31:49,608 - ModelTraining - INFO - Database path: C:\Users\jason\assignment\assignment.duckdb
2025-07-13 00:31:49,688 - ModelTraining - INFO - Successfully loaded 969 rows and 36 columns
2025-07-13 00:31:49,689 - ModelTraining - INFO - Data shape: (969, 36)
2025-07-13 00:31:49,696 - ModelTraining - INFO - Starting model training with Dask...
2025-07-13 00:31:49,696 - ModelTraining - INFO - Starting XGBoost binary classifier training with Dask
2025-07-13 00:31:49,696 - ModelTraining - INFO - Response variable: Sale_MF
2025-07-13 00:31:49,696 - ModelTraining - INFO - Predictive variables: ['TransactionsDebCashless_Card', 'Count_MF', 'VolumeCred_CA', 'Tenure', 'TransactionsCred_CA', 'ActBal_SA', 'Age', 'TransactionsDeb_CA', 'TransactionsDeb', 'ActBal_CA', 'VolumeDebCashless_Card', 'VolumeDeb', 'TransactionsCred', 'ActBal_CL', 'Sex']
2025-07-13 00:31:49,696 - ModelTraining - INFO - Categorical variables: ['Sex']
2025-07-13 00:31:49,696 - ModelTraining - INFO - Preparing data...
2025-07-13 00:31:49,703 - ModelTraining - INFO - Data after cleaning: (969, 16)
2025-07-13 00:31:49,706 - ModelTraining - INFO - Target distribution: {0: 776, 1: 193}
2025-07-13 00:31:49,707 - ModelTraining - INFO - Setting up parallel training with Dask...
2025-07-13 00:31:49,717 - ModelTraining - INFO - Created 30 parallel training tasks
2025-07-13 00:36:05,253 - ModelTraining - INFO - Parallel training completed in 255.54 seconds
2025-07-13 00:36:05,259 - ModelTraining - INFO - Training completed. Generated 30 successful results
2025-07-13 00:36:05,259 - ModelTraining - INFO - Best AUC score: 0.6041
2025-07-13 00:36:05,259 - ModelTraining - INFO - Top 5 results:
2025-07-13 00:36:05,261 - ModelTraining - INFO -   Rank 1: AUC=0.6041, K-fold=4.0, max_depth=9.0, learning_rate=0.150
2025-07-13 00:36:05,262 - ModelTraining - INFO -   Rank 2: AUC=0.6037, K-fold=4.0, max_depth=10.0, learning_rate=0.200
2025-07-13 00:36:05,262 - ModelTraining - INFO -   Rank 3: AUC=0.6036, K-fold=4.0, max_depth=9.0, learning_rate=0.200
2025-07-13 00:36:05,262 - ModelTraining - INFO -   Rank 4: AUC=0.5980, K-fold=4.0, max_depth=9.0, learning_rate=0.150
2025-07-13 00:36:05,262 - ModelTraining - INFO -   Rank 5: AUC=0.5977, K-fold=4.0, max_depth=9.0, learning_rate=0.050
2025-07-13 00:36:05,263 - ModelTraining - INFO - ✅ Model training completed successfully. Generated 30 result combinations
2025-07-13 00:36:05,263 - ModelTraining - INFO - Saving model results to models.xgboost_mf_sales_top
2025-07-13 00:36:05,263 - ModelTraining - INFO - Database path: C:\Users\jason\assignment\assignment.duckdb
2025-07-13 00:36:05,300 - ModelTraining - INFO - Created/verified schema: models
2025-07-13 00:36:05,300 - ModelTraining - INFO - Dropped existing table if present: models.xgboost_mf_sales_top
2025-07-13 00:36:05,312 - ModelTraining - INFO - Successfully created table: models.xgboost_mf_sales_top
2025-07-13 00:36:05,313 - ModelTraining - INFO - Verified: 30 rows saved to models.xgboost_mf_sales_top
2025-07-13 00:36:05,313 - ModelTraining - INFO - Sample of saved model results:
2025-07-13 00:36:05,328 - ModelTraining - INFO - 
   iteration_id  k_folds  max_depth  min_child_weight  gamma  ...  n_estimators  scale_pos_weight  runtime_seconds  auc_score    cv_std
0            17        4          9                12    7.5  ...          2000          4.020725       117.400870   0.604093  0.051072
1            13        4         10                17    7.5  ...           700          4.020725       110.022298   0.603738  0.033092
2            16        4          9                 6    6.5  ...           100          4.020725       113.318756   0.603590  0.015929

[3 rows x 14 columns]
2025-07-13 00:36:05,374 - ModelTraining - INFO - Database connection closed
2025-07-13 00:36:05,374 - ModelTraining - INFO - ✅ Model results saved to database successfully
2025-07-13 00:36:06,191 - ModelTraining - INFO - Dask client closed
