2025-07-13 13:39:03,479 - ModelTrainingRegressor - INFO - Starting XGBoost regressor training process with Dask
2025-07-13 13:39:06,949 - ModelTrainingRegressor - INFO - Dask client created successfully
2025-07-13 13:39:06,949 - ModelTrainingRegressor - INFO - Dashboard link: http://127.0.0.1:8787/status
2025-07-13 13:39:06,953 - ModelTrainingRegressor - INFO - Workers: 5
2025-07-13 13:39:06,953 - ModelTrainingRegressor - INFO - Loading data from silver.train
2025-07-13 13:39:06,953 - ModelTrainingRegressor - INFO - Database path: C:\Users\jason\assignment\assignment.duckdb
2025-07-13 13:39:07,044 - ModelTrainingRegressor - INFO - Successfully loaded 193 rows and 36 columns
2025-07-13 13:39:07,044 - ModelTrainingRegressor - INFO - Data shape: (193, 36)
2025-07-13 13:39:07,051 - ModelTrainingRegressor - INFO - Starting regressor training with Dask...
2025-07-13 13:39:07,051 - ModelTrainingRegressor - INFO - Starting XGBoost regressor training with Dask
2025-07-13 13:39:07,051 - ModelTrainingRegressor - INFO - Response variable: Revenue_MF
2025-07-13 13:39:07,051 - ModelTrainingRegressor - INFO - Predictive variables: ['VolumeCred', 'VolumeCred_CA', 'TransactionsCred', 'TransactionsCred_CA', 'VolumeDeb', 'VolumeDeb_CA', 'VolumeDebCash_Card', 'VolumeDebCashless_Card', 'VolumeDeb_PaymentOrder', 'TransactionsDeb', 'TransactionsDeb_CA', 'TransactionsDebCash_Card', 'TransactionsDebCashless_Card', 'TransactionsDeb_PaymentOrder', 'Count_CA', 'Count_SA', 'Count_MF', 'Count_OVD', 'Count_CC', 'Count_CL', 'ActBal_SA', 'ActBal_MF', 'ActBal_OVD', 'ActBal_CC', 'ActBal_CL', 'Age', 'Tenure', 'Sex']
2025-07-13 13:39:07,051 - ModelTrainingRegressor - INFO - Categorical variables: ['Sex']
2025-07-13 13:39:07,051 - ModelTrainingRegressor - INFO - Preparing data...
2025-07-13 13:39:07,059 - ModelTrainingRegressor - INFO - Data after cleaning: (193, 29)
2025-07-13 13:39:07,061 - ModelTrainingRegressor - INFO - Target variable statistics: mean=9.6650, std=20.5742, min=0.0048, max=220.4882
2025-07-13 13:39:07,061 - ModelTrainingRegressor - INFO - Setting up parallel training with Dask...
2025-07-13 13:39:07,070 - ModelTrainingRegressor - INFO - Created 30 parallel training tasks
2025-07-13 13:42:57,971 - ModelTrainingRegressor - INFO - Parallel training completed in 230.90 seconds
2025-07-13 13:42:57,975 - ModelTrainingRegressor - INFO - Training completed. Generated 30 successful results
2025-07-13 13:42:57,975 - ModelTrainingRegressor - INFO - Best MAE score: 8.3963
2025-07-13 13:42:57,975 - ModelTrainingRegressor - INFO - Top 5 results:
2025-07-13 13:42:57,990 - ModelTrainingRegressor - INFO -   Rank 1: MAE=8.3963, K-fold=5, max_depth=9, learning_rate=0.200
2025-07-13 13:42:57,990 - ModelTrainingRegressor - INFO -   Rank 2: MAE=8.3969, K-fold=5, max_depth=5, learning_rate=0.100
2025-07-13 13:42:57,990 - ModelTrainingRegressor - INFO -   Rank 3: MAE=8.3975, K-fold=5, max_depth=7, learning_rate=0.050
2025-07-13 13:42:57,990 - ModelTrainingRegressor - INFO -   Rank 4: MAE=8.3976, K-fold=5, max_depth=4, learning_rate=0.250
2025-07-13 13:42:57,990 - ModelTrainingRegressor - INFO -   Rank 5: MAE=8.3976, K-fold=5, max_depth=5, learning_rate=0.150
2025-07-13 13:42:57,996 - ModelTrainingRegressor - INFO - ✅ Regressor training completed successfully. Generated 30 result combinations
2025-07-13 13:42:57,996 - ModelTrainingRegressor - INFO - Saving model results to models.xgboost_sales_mf_revenue
2025-07-13 13:42:57,998 - ModelTrainingRegressor - INFO - Database path: C:\Users\jason\assignment\assignment.duckdb
2025-07-13 13:42:58,024 - ModelTrainingRegressor - INFO - Created/verified schema: models
2025-07-13 13:42:58,030 - ModelTrainingRegressor - INFO - Dropped existing table if present: models.xgboost_sales_mf_revenue
2025-07-13 13:42:58,062 - ModelTrainingRegressor - INFO - Successfully created table: models.xgboost_sales_mf_revenue
2025-07-13 13:42:58,064 - ModelTrainingRegressor - INFO - Verified: 30 rows saved to models.xgboost_sales_mf_revenue
2025-07-13 13:42:58,064 - ModelTrainingRegressor - INFO - Sample of saved model results:
2025-07-13 13:42:58,124 - ModelTrainingRegressor - INFO - 
   iteration_id  k_folds  max_depth  ...  mae_score    cv_std                                       feature_data
0            23        5          9  ...   8.396289  4.242978  [{'iteration_id': 23, 'feature_name': 'num__Vo...
1            29        5          5  ...   8.396945  4.242740  [{'iteration_id': 29, 'feature_name': 'num__Vo...
2            21        5          7  ...   8.397496  4.242541  [{'iteration_id': 21, 'feature_name': 'num__Vo...

[3 rows x 15 columns]
2025-07-13 13:42:58,180 - ModelTrainingRegressor - INFO - Database connection closed
2025-07-13 13:42:58,180 - ModelTrainingRegressor - INFO - ✅ Model results saved to database successfully
2025-07-13 13:42:58,182 - ModelTrainingRegressor - INFO - Saving feature importance results to models.xgbreg_sales_mf_revenue
2025-07-13 13:42:58,182 - ModelTrainingRegressor - INFO - Database path: C:\Users\jason\assignment\assignment.duckdb
2025-07-13 13:42:58,222 - ModelTrainingRegressor - INFO - Created/verified schema: models
2025-07-13 13:42:58,222 - ModelTrainingRegressor - INFO - Dropped existing table if present: models.xgbreg_sales_mf_revenue
2025-07-13 13:42:58,231 - ModelTrainingRegressor - INFO - Successfully created table: models.xgbreg_sales_mf_revenue
2025-07-13 13:42:58,232 - ModelTrainingRegressor - INFO - Verified: 840 rows saved to models.xgbreg_sales_mf_revenue
2025-07-13 13:42:58,232 - ModelTrainingRegressor - INFO - Sample of saved feature importance results:
2025-07-13 13:42:58,239 - ModelTrainingRegressor - INFO - 
   iteration_id              feature_name  feature_importance  explained_variance  feature_importance_rank
0            23           num__VolumeCred                 0.0                 0.0                        1
1            23        num__VolumeCred_CA                 0.0                 0.0                       26
2            23     num__TransactionsCred                 0.0                 0.0                       25
3            23  num__TransactionsCred_CA                 0.0                 0.0                       24
4            23            num__VolumeDeb                 0.0                 0.0                       23
2025-07-13 13:42:58,283 - ModelTrainingRegressor - INFO - Database connection closed
2025-07-13 13:42:58,283 - ModelTrainingRegressor - INFO - ✅ Feature importance results saved to database successfully
2025-07-13 13:42:58,947 - ModelTrainingRegressor - INFO - Dask client closed
