2025-07-13 09:03:59,907 - ModelTraining - INFO - Starting XGBoost model training process with Dask
2025-07-13 09:04:03,635 - ModelTraining - INFO - Dask client created successfully
2025-07-13 09:04:03,635 - ModelTraining - INFO - Dashboard link: http://127.0.0.1:8787/status
2025-07-13 09:04:03,637 - ModelTraining - INFO - Workers: 5
2025-07-13 09:04:03,637 - ModelTraining - INFO - Loading data from silver.train
2025-07-13 09:04:03,637 - ModelTraining - INFO - Database path: C:\Users\jason\assignment\assignment.duckdb
2025-07-13 09:04:03,850 - ModelTraining - INFO - Successfully loaded 969 rows and 36 columns
2025-07-13 09:04:03,850 - ModelTraining - INFO - Data shape: (969, 36)
2025-07-13 09:04:03,860 - ModelTraining - INFO - Starting model training with Dask...
2025-07-13 09:04:03,860 - ModelTraining - INFO - Starting XGBoost binary classifier training with Dask
2025-07-13 09:04:03,860 - ModelTraining - INFO - Response variable: Sale_CL
2025-07-13 09:04:03,860 - ModelTraining - INFO - Predictive variables: ['VolumeCred', 'VolumeCred_CA', 'TransactionsCred', 'TransactionsCred_CA', 'VolumeDeb', 'VolumeDeb_CA', 'VolumeDebCash_Card', 'VolumeDebCashless_Card', 'VolumeDeb_PaymentOrder', 'TransactionsDeb', 'TransactionsDeb_CA', 'TransactionsDebCash_Card', 'TransactionsDebCashless_Card', 'TransactionsDeb_PaymentOrder', 'Count_CA', 'Count_SA', 'Count_MF', 'Count_OVD', 'Count_CC', 'Count_CL', 'ActBal_CA', 'ActBal_SA', 'ActBal_MF', 'ActBal_OVD', 'ActBal_CC', 'ActBal_CL', 'Age', 'Tenure', 'Sex']
2025-07-13 09:04:03,860 - ModelTraining - INFO - Categorical variables: ['Sex']
2025-07-13 09:04:03,863 - ModelTraining - INFO - Preparing data...
2025-07-13 09:04:03,890 - ModelTraining - INFO - Data after cleaning: (969, 30)
2025-07-13 09:04:03,894 - ModelTraining - INFO - Target distribution: {0: 679, 1: 290}
2025-07-13 09:04:03,894 - ModelTraining - INFO - Setting up parallel training with Dask...
2025-07-13 09:04:03,903 - ModelTraining - INFO - Created 30 parallel training tasks
2025-07-13 09:08:47,793 - ModelTraining - INFO - Parallel training completed in 283.89 seconds
2025-07-13 09:08:47,796 - ModelTraining - INFO - Training completed. Generated 30 successful results
2025-07-13 09:08:47,796 - ModelTraining - INFO - Best AUC score: 0.6706
2025-07-13 09:08:47,796 - ModelTraining - INFO - Top 5 results:
2025-07-13 09:08:47,798 - ModelTraining - INFO -   Rank 1: AUC=0.6706, K-fold=3.0, max_depth=5.0, learning_rate=0.250
2025-07-13 09:08:47,798 - ModelTraining - INFO -   Rank 2: AUC=0.6664, K-fold=5.0, max_depth=4.0, learning_rate=0.100
2025-07-13 09:08:47,798 - ModelTraining - INFO -   Rank 3: AUC=0.6651, K-fold=3.0, max_depth=10.0, learning_rate=0.300
2025-07-13 09:08:47,798 - ModelTraining - INFO -   Rank 4: AUC=0.6631, K-fold=5.0, max_depth=7.0, learning_rate=0.300
2025-07-13 09:08:47,798 - ModelTraining - INFO -   Rank 5: AUC=0.6629, K-fold=3.0, max_depth=3.0, learning_rate=0.300
2025-07-13 09:08:47,814 - ModelTraining - INFO - ✅ Model training completed successfully. Generated 30 result combinations
2025-07-13 09:08:47,815 - ModelTraining - INFO - Saving model results to models.xgboost_cl_sales
2025-07-13 09:08:47,815 - ModelTraining - INFO - Database path: C:\Users\jason\assignment\assignment.duckdb
2025-07-13 09:08:47,860 - ModelTraining - INFO - Created/verified schema: models
2025-07-13 09:08:47,862 - ModelTraining - INFO - Dropped existing table if present: models.xgboost_cl_sales
2025-07-13 09:08:47,875 - ModelTraining - INFO - Successfully created table: models.xgboost_cl_sales
2025-07-13 09:08:47,877 - ModelTraining - INFO - Verified: 30 rows saved to models.xgboost_cl_sales
2025-07-13 09:08:47,877 - ModelTraining - INFO - Sample of saved model results:
2025-07-13 09:08:47,898 - ModelTraining - INFO - 
   iteration_id  k_folds  max_depth  min_child_weight  gamma  ...  n_estimators  scale_pos_weight  runtime_seconds  auc_score    cv_std
0             4        3          5                 9    1.5  ...           300          2.341379        90.620728   0.670583  0.015032
1            25        5          4                10    0.5  ...          1500          2.341379       149.874911   0.666432  0.013650
2             5        3         10                 8    1.5  ...           500          2.341379       106.112969   0.665063  0.028079

[3 rows x 14 columns]
2025-07-13 09:08:47,946 - ModelTraining - INFO - Database connection closed
2025-07-13 09:08:47,946 - ModelTraining - INFO - ✅ Model results saved to database successfully
2025-07-13 09:08:48,806 - ModelTraining - INFO - Dask client closed
