2025-07-13 13:25:09,114 - SHAPAnalysisRegressor - INFO - Starting SHAP analysis for regression
2025-07-13 13:25:09,114 - SHAPAnalysisRegressor - INFO - Loading training data...
2025-07-13 13:25:09,114 - SHAPAnalysisRegressor - INFO - Loading data from silver.train
2025-07-13 13:25:09,114 - SHAPAnalysisRegressor - INFO - Database path: C:\Users\jason\assignment\assignment.duckdb
2025-07-13 13:25:09,197 - SHAPAnalysisRegressor - INFO - Successfully loaded 193 rows and 36 columns
2025-07-13 13:25:09,197 - SHAPAnalysisRegressor - INFO - Data shape: (193, 36)
2025-07-13 13:25:09,204 - SHAPAnalysisRegressor - INFO - Using response variable: Revenue_MF
2025-07-13 13:25:09,204 - SHAPAnalysisRegressor - INFO - Using 28 predictive variables
2025-07-13 13:25:09,204 - SHAPAnalysisRegressor - INFO - Using 1 categorical variables: ['Sex']
2025-07-13 13:25:09,204 - SHAPAnalysisRegressor - INFO - Loading best model parameters from training results...
2025-07-13 13:25:09,204 - SHAPAnalysisRegressor - INFO - Loading best model parameters from models.xgboost_sales_mf_revenue
2025-07-13 13:25:09,231 - SHAPAnalysisRegressor - INFO - Best model MAE score: 8.3963
2025-07-13 13:25:09,231 - SHAPAnalysisRegressor - INFO - Best model parameters loaded successfully
2025-07-13 13:25:09,238 - SHAPAnalysisRegressor - INFO - Using parameters: max_depth=9, min_child_weight=2, gamma=1.5, reg_lambda=8.0, colsample_bytree=0.8, reg_alpha=7.0, learning_rate=0.2, n_estimators=100
2025-07-13 13:25:09,238 - SHAPAnalysisRegressor - INFO - Building and training XGBoost regressor...
2025-07-13 13:25:09,238 - SHAPAnalysisRegressor - INFO - Building XGBoost regressor with specified parameters
2025-07-13 13:25:09,238 - SHAPAnalysisRegressor - INFO - Parameters: max_depth=9, min_child_weight=2, gamma=1.5, reg_lambda=8.0, colsample_bytree=0.8, reg_alpha=7.0, learning_rate=0.2, n_estimators=100
2025-07-13 13:25:09,238 - SHAPAnalysisRegressor - INFO - Preparing data...
2025-07-13 13:25:09,238 - SHAPAnalysisRegressor - INFO - Data after filtering for non-zero Revenue_MF: (193, 29)
2025-07-13 13:25:09,246 - SHAPAnalysisRegressor - INFO - Data after cleaning: (193, 29)
2025-07-13 13:25:09,246 - SHAPAnalysisRegressor - INFO - Target variable statistics: mean=9.6650, std=20.5742, min=0.0048, max=220.4882
2025-07-13 13:25:09,246 - SHAPAnalysisRegressor - INFO - Training set size: (154, 28)
2025-07-13 13:25:09,246 - SHAPAnalysisRegressor - INFO - Test set size: (39, 28)
2025-07-13 13:25:09,246 - SHAPAnalysisRegressor - INFO - Numerical variables: ['VolumeCred', 'VolumeCred_CA', 'TransactionsCred', 'TransactionsCred_CA', 'VolumeDeb', 'VolumeDeb_CA', 'VolumeDebCash_Card', 'VolumeDebCashless_Card', 'VolumeDeb_PaymentOrder', 'TransactionsDeb', 'TransactionsDeb_CA', 'TransactionsDebCash_Card', 'TransactionsDebCashless_Card', 'TransactionsDeb_PaymentOrder', 'Count_CA', 'Count_SA', 'Count_MF', 'Count_OVD', 'Count_CC', 'Count_CL', 'ActBal_SA', 'ActBal_MF', 'ActBal_OVD', 'ActBal_CC', 'ActBal_CL', 'Age', 'Tenure']
2025-07-13 13:25:09,246 - SHAPAnalysisRegressor - INFO - Categorical variables: ['Sex']
2025-07-13 13:25:09,246 - SHAPAnalysisRegressor - INFO - Training model...
2025-07-13 13:25:09,293 - SHAPAnalysisRegressor - INFO - Model training completed
2025-07-13 13:25:09,293 - SHAPAnalysisRegressor - INFO - Test MAE score: 5.9720
2025-07-13 13:25:09,293 - SHAPAnalysisRegressor - INFO - Test R² score: -0.1298
2025-07-13 13:25:09,295 - SHAPAnalysisRegressor - INFO - Final feature names after preprocessing: 28 features
2025-07-13 13:25:09,295 - SHAPAnalysisRegressor - INFO - Computing SHAP values...
2025-07-13 13:25:09,295 - SHAPAnalysisRegressor - INFO - Computing SHAP values...
2025-07-13 13:25:09,295 - SHAPAnalysisRegressor - INFO - Sample size for SHAP: 1000
2025-07-13 13:25:09,295 - SHAPAnalysisRegressor - INFO - Background size for SHAP: 100
2025-07-13 13:25:09,295 - SHAPAnalysisRegressor - INFO - Using 39 samples for SHAP computation
2025-07-13 13:25:09,295 - SHAPAnalysisRegressor - INFO - Using 100 background samples
2025-07-13 13:25:09,295 - SHAPAnalysisRegressor - INFO - Testing pipeline predictions...
2025-07-13 13:25:09,299 - SHAPAnalysisRegressor - INFO - Sample predictions: [3.109375 3.109375 3.109375 3.109375 3.109375]
2025-07-13 13:25:09,299 - SHAPAnalysisRegressor - INFO - Prediction variance: 0.000000
2025-07-13 13:25:09,299 - SHAPAnalysisRegressor - WARNING - ⚠️ Model predictions have very low variance - this could cause zero SHAP values
2025-07-13 13:25:09,299 - SHAPAnalysisRegressor - INFO - Creating SHAP Explainer...
2025-07-13 13:25:09,301 - SHAPAnalysisRegressor - INFO - Computing SHAP values...
2025-07-13 13:25:09,301 - SHAPAnalysisRegressor - WARNING - Standard SHAP Explainer failed: ufunc 'isfinite' not supported for the input types, and the inputs could not be safely coerced to any supported types according to the casting rule ''safe''. Trying TreeExplainer with preprocessed data...
2025-07-13 13:25:09,321 - SHAPAnalysisRegressor - INFO - SHAP values shape: (39, 28)
2025-07-13 13:25:09,321 - SHAPAnalysisRegressor - INFO - SHAP values range: min=0.000000, max=0.000000
2025-07-13 13:25:09,321 - SHAPAnalysisRegressor - INFO - SHAP values mean absolute: 0.000000
2025-07-13 13:25:09,321 - SHAPAnalysisRegressor - ERROR - ⚠️ All SHAP values are effectively zero! This indicates a problem with the analysis.
2025-07-13 13:25:09,321 - SHAPAnalysisRegressor - INFO - Possible causes:
2025-07-13 13:25:09,321 - SHAPAnalysisRegressor - INFO - 1. Model predictions have no variance
2025-07-13 13:25:09,321 - SHAPAnalysisRegressor - INFO - 2. Features have no impact on predictions
2025-07-13 13:25:09,321 - SHAPAnalysisRegressor - INFO - 3. Data preprocessing issue
2025-07-13 13:25:09,321 - SHAPAnalysisRegressor - INFO - Sample SHAP values (first instance): [0. 0. 0. 0. 0.]
2025-07-13 13:25:09,323 - SHAPAnalysisRegressor - INFO - Sum of SHAP values per instance (first 5): [0. 0. 0. 0. 0.]
2025-07-13 13:25:09,323 - SHAPAnalysisRegressor - INFO - Creating SHAP visualizations...
2025-07-13 13:25:09,323 - SHAPAnalysisRegressor - INFO - Saving SHAP visualizations to: C:\Users\jason\assignment\Outputs\SHAP_Analysis_Regressor
2025-07-13 13:25:09,323 - SHAPAnalysisRegressor - INFO - Using file prefix: mf_revenue_shap
2025-07-13 13:25:09,323 - SHAPAnalysisRegressor - WARNING - Cannot create meaningful visualizations with zero SHAP values
2025-07-13 13:25:09,323 - SHAPAnalysisRegressor - INFO - Saving SHAP results to database...
2025-07-13 13:25:09,323 - SHAPAnalysisRegressor - INFO - Saving SHAP results to models.shap_values_mf_revenue
2025-07-13 13:25:09,363 - SHAPAnalysisRegressor - INFO - Saved SHAP summary to models.shap_values_mf_revenue_summary
2025-07-13 13:25:09,386 - SHAPAnalysisRegressor - INFO - Saved detailed SHAP values to models.shap_values_mf_revenue_detailed
2025-07-13 13:25:09,388 - SHAPAnalysisRegressor - INFO - Verified: 28 features in summary table
2025-07-13 13:25:09,388 - SHAPAnalysisRegressor - INFO - Verified: 780 SHAP value records in detailed table
2025-07-13 13:25:09,439 - SHAPAnalysisRegressor - INFO - ✅ SHAP analysis for regression completed successfully
