2025-07-14 01:02:40,395 - SHAPAnalysisRegressor - INFO - Starting SHAP analysis for regressor
2025-07-14 01:02:40,395 - SHAPAnalysisRegressor - INFO - Loading training data...
2025-07-14 01:02:40,395 - SHAPAnalysisRegressor - INFO - Loading data from silver.train
2025-07-14 01:02:40,395 - SHAPAnalysisRegressor - INFO - Database path: C:\Users\jason\assignment\assignment.duckdb
2025-07-14 01:02:40,506 - SHAPAnalysisRegressor - INFO - Successfully loaded 290 rows and 36 columns
2025-07-14 01:02:40,506 - SHAPAnalysisRegressor - INFO - Data shape: (290, 36)
2025-07-14 01:02:40,521 - SHAPAnalysisRegressor - INFO - Using response variable: Revenue_CL
2025-07-14 01:02:40,521 - SHAPAnalysisRegressor - INFO - Using 28 predictive variables
2025-07-14 01:02:40,521 - SHAPAnalysisRegressor - INFO - Using 1 categorical variables: ['Sex']
2025-07-14 01:02:40,521 - SHAPAnalysisRegressor - INFO - Loading best model parameters from training results...
2025-07-14 01:02:40,521 - SHAPAnalysisRegressor - INFO - Loading best model parameters from models.xgboost_sales_cl_revenue
2025-07-14 01:02:40,579 - SHAPAnalysisRegressor - INFO - Best model MAE score: 5.6929
2025-07-14 01:02:40,579 - SHAPAnalysisRegressor - INFO - Best model parameters loaded successfully
2025-07-14 01:02:40,584 - SHAPAnalysisRegressor - INFO - Using parameters: max_depth=5, min_child_weight=10, gamma=1.4000000000000001, reg_lambda=0.3, colsample_bytree=1.0, reg_alpha=0.7000000000000001, learning_rate=0.01, n_estimators=100
2025-07-14 01:02:40,584 - SHAPAnalysisRegressor - INFO - Building and training XGBoost regressor...
2025-07-14 01:02:40,584 - SHAPAnalysisRegressor - INFO - Building XGBoost regressor with specified parameters
2025-07-14 01:02:40,584 - SHAPAnalysisRegressor - INFO - Parameters: max_depth=5, min_child_weight=10, gamma=1.4000000000000001, reg_lambda=0.3, colsample_bytree=1.0, reg_alpha=0.7000000000000001, learning_rate=0.01, n_estimators=100
2025-07-14 01:02:40,584 - SHAPAnalysisRegressor - INFO - Preparing data...
2025-07-14 01:02:40,584 - SHAPAnalysisRegressor - INFO - Data after cleaning: (290, 29)
2025-07-14 01:02:40,584 - SHAPAnalysisRegressor - INFO - Target variable statistics BEFORE scaling: mean=12.0431, std=9.9431, min=1.0714, max=133.2754
2025-07-14 01:02:40,584 - SHAPAnalysisRegressor - INFO - Applying StandardScaler to response variable...
2025-07-14 01:02:40,584 - SHAPAnalysisRegressor - INFO - Target variable statistics AFTER scaling: mean=0.0000, std=1.0017, min=-1.1053, max=12.2136
2025-07-14 01:02:40,598 - SHAPAnalysisRegressor - INFO - Training set size: (232, 28)
2025-07-14 01:02:40,598 - SHAPAnalysisRegressor - INFO - Test set size: (58, 28)
2025-07-14 01:02:40,598 - SHAPAnalysisRegressor - INFO - Numerical variables: ['VolumeCred', 'VolumeCred_CA', 'TransactionsCred', 'TransactionsCred_CA', 'VolumeDeb', 'VolumeDeb_CA', 'VolumeDebCash_Card', 'VolumeDebCashless_Card', 'VolumeDeb_PaymentOrder', 'TransactionsDeb', 'TransactionsDeb_CA', 'TransactionsDebCash_Card', 'TransactionsDebCashless_Card', 'TransactionsDeb_PaymentOrder', 'Count_CA', 'Count_SA', 'Count_MF', 'Count_OVD', 'Count_CC', 'Count_CL', 'ActBal_SA', 'ActBal_MF', 'ActBal_OVD', 'ActBal_CC', 'ActBal_CL', 'Age', 'Tenure']
2025-07-14 01:02:40,598 - SHAPAnalysisRegressor - INFO - Categorical variables: ['Sex']
2025-07-14 01:02:40,598 - SHAPAnalysisRegressor - INFO - Training model...
2025-07-14 01:02:40,670 - SHAPAnalysisRegressor - INFO - Model training completed
2025-07-14 01:02:40,670 - SHAPAnalysisRegressor - INFO - Test MAE score: 0.9434
2025-07-14 01:02:40,670 - SHAPAnalysisRegressor - INFO - Test R² score: -0.1131
2025-07-14 01:02:40,670 - SHAPAnalysisRegressor - INFO - Computing SHAP values...
2025-07-14 01:02:40,670 - SHAPAnalysisRegressor - INFO - Computing SHAP values...
2025-07-14 01:02:40,670 - SHAPAnalysisRegressor - INFO - Sample size for SHAP: 1000
2025-07-14 01:02:40,670 - SHAPAnalysisRegressor - INFO - Background size for SHAP: 100
2025-07-14 01:02:40,676 - SHAPAnalysisRegressor - INFO - Feature names after preprocessing: 29 features
2025-07-14 01:02:40,678 - SHAPAnalysisRegressor - INFO - Using 58 samples for SHAP computation
2025-07-14 01:02:40,678 - SHAPAnalysisRegressor - INFO - Using 100 background samples
2025-07-14 01:02:40,678 - SHAPAnalysisRegressor - INFO - Creating SHAP TreeExplainer...
2025-07-14 01:02:40,694 - SHAPAnalysisRegressor - INFO - Computing SHAP values...
2025-07-14 01:02:40,788 - SHAPAnalysisRegressor - INFO - SHAP values computed successfully
2025-07-14 01:02:40,788 - SHAPAnalysisRegressor - INFO - SHAP values shape: (58, 29)
2025-07-14 01:02:40,788 - SHAPAnalysisRegressor - INFO - Creating SHAP visualizations...
2025-07-14 01:02:40,788 - SHAPAnalysisRegressor - INFO - Saving SHAP visualizations to: C:\Users\jason\assignment\Outputs\SHAP_Analysis_Regressor
2025-07-14 01:02:40,788 - SHAPAnalysisRegressor - INFO - Using file prefix: cl_revenue_shap
2025-07-14 01:02:40,788 - SHAPAnalysisRegressor - INFO - Creating SHAP summary plot (bar)...
2025-07-14 01:02:41,770 - SHAPAnalysisRegressor - INFO - Creating SHAP summary plot (beeswarm)...
2025-07-14 01:02:42,699 - SHAPAnalysisRegressor - INFO - Creating SHAP waterfall plot...
2025-07-14 01:02:43,487 - SHAPAnalysisRegressor - INFO - Creating SHAP force plots...
2025-07-14 01:02:43,496 - SHAPAnalysisRegressor - INFO - SHAP visualizations created successfully
2025-07-14 01:02:43,498 - SHAPAnalysisRegressor - INFO - Saving SHAP results to database...
2025-07-14 01:02:43,498 - SHAPAnalysisRegressor - INFO - Saving SHAP results to models.shap_values_cl_revenue
2025-07-14 01:02:43,525 - SHAPAnalysisRegressor - INFO - Saved SHAP summary to models.shap_values_cl_revenue_summary
2025-07-14 01:02:43,534 - SHAPAnalysisRegressor - INFO - Saved detailed SHAP values to models.shap_values_cl_revenue_detailed
2025-07-14 01:02:43,535 - SHAPAnalysisRegressor - INFO - Verified: 29 features in summary table
2025-07-14 01:02:43,535 - SHAPAnalysisRegressor - INFO - Verified: 1682 SHAP value records in detailed table
2025-07-14 01:02:43,590 - SHAPAnalysisRegressor - INFO - ✅ SHAP analysis completed successfully
