2025-07-13 09:27:22,976 - SHAPAnalysis - INFO - Starting SHAP analysis
2025-07-13 09:27:22,976 - SHAPAnalysis - INFO - Loading training data...
2025-07-13 09:27:22,976 - SHAPAnalysis - INFO - Loading data from silver.train
2025-07-13 09:27:22,976 - SHAPAnalysis - INFO - Database path: C:\Users\jason\assignment\assignment.duckdb
2025-07-13 09:27:23,087 - SHAPAnalysis - INFO - Successfully loaded 969 rows and 36 columns
2025-07-13 09:27:23,087 - SHAPAnalysis - INFO - Data shape: (969, 36)
2025-07-13 09:27:23,103 - SHAPAnalysis - INFO - Using response variable: Sale_CC
2025-07-13 09:27:23,109 - SHAPAnalysis - INFO - Using 29 predictive variables
2025-07-13 09:27:23,109 - SHAPAnalysis - INFO - Using 1 categorical variables: ['Sex']
2025-07-13 09:27:23,109 - SHAPAnalysis - INFO - Loading best model parameters from training results...
2025-07-13 09:27:23,109 - SHAPAnalysis - INFO - Loading best model parameters from models.xgboost_cl_sales
2025-07-13 09:27:23,151 - SHAPAnalysis - INFO - Best model AUC score: 0.6706
2025-07-13 09:27:23,151 - SHAPAnalysis - INFO - Best model parameters loaded successfully
2025-07-13 09:27:23,159 - SHAPAnalysis - INFO - Using parameters: max_depth=5, min_child_weight=9, gamma=1.5, reg_lambda=1.0, colsample_bytree=0.8, reg_alpha=2.0, learning_rate=0.25, n_estimators=300
2025-07-13 09:27:23,159 - SHAPAnalysis - INFO - Building and training XGBoost model...
2025-07-13 09:27:23,159 - SHAPAnalysis - INFO - Building XGBoost model with specified parameters
2025-07-13 09:27:23,159 - SHAPAnalysis - INFO - Parameters: max_depth=5, min_child_weight=9, gamma=1.5, reg_lambda=1.0, colsample_bytree=0.8, reg_alpha=2.0, learning_rate=0.25, n_estimators=300
2025-07-13 09:27:23,159 - SHAPAnalysis - INFO - Preparing data...
2025-07-13 09:27:23,166 - SHAPAnalysis - INFO - Data after cleaning: (969, 30)
2025-07-13 09:27:23,166 - SHAPAnalysis - INFO - Target distribution: {0: 727, 1: 242}
2025-07-13 09:27:23,166 - SHAPAnalysis - INFO - Training set size: (775, 29)
2025-07-13 09:27:23,166 - SHAPAnalysis - INFO - Test set size: (194, 29)
2025-07-13 09:27:23,166 - SHAPAnalysis - INFO - Numerical variables: ['VolumeCred', 'VolumeCred_CA', 'TransactionsCred', 'TransactionsCred_CA', 'VolumeDeb', 'VolumeDeb_CA', 'VolumeDebCash_Card', 'VolumeDebCashless_Card', 'VolumeDeb_PaymentOrder', 'TransactionsDeb', 'TransactionsDeb_CA', 'TransactionsDebCash_Card', 'TransactionsDebCashless_Card', 'TransactionsDeb_PaymentOrder', 'Count_CA', 'Count_SA', 'Count_MF', 'Count_OVD', 'Count_CC', 'Count_CL', 'ActBal_CA', 'ActBal_SA', 'ActBal_MF', 'ActBal_OVD', 'ActBal_CC', 'ActBal_CL', 'Age', 'Tenure']
2025-07-13 09:27:23,166 - SHAPAnalysis - INFO - Categorical variables: ['Sex']
2025-07-13 09:27:23,166 - SHAPAnalysis - INFO - Training model...
2025-07-13 09:27:23,259 - SHAPAnalysis - INFO - Model training completed
2025-07-13 09:27:23,259 - SHAPAnalysis - INFO - Test AUC score: 0.5614
2025-07-13 09:27:23,259 - SHAPAnalysis - INFO - Computing SHAP values...
2025-07-13 09:27:23,259 - SHAPAnalysis - INFO - Computing SHAP values...
2025-07-13 09:27:23,259 - SHAPAnalysis - INFO - Sample size for SHAP: 1000
2025-07-13 09:27:23,259 - SHAPAnalysis - INFO - Background size for SHAP: 100
2025-07-13 09:27:23,267 - SHAPAnalysis - INFO - Feature names after preprocessing: 30 features
2025-07-13 09:27:23,267 - SHAPAnalysis - INFO - Using 194 samples for SHAP computation
2025-07-13 09:27:23,267 - SHAPAnalysis - INFO - Using 100 background samples
2025-07-13 09:27:23,267 - SHAPAnalysis - INFO - Creating SHAP TreeExplainer...
2025-07-13 09:27:23,299 - SHAPAnalysis - INFO - Computing SHAP values...
2025-07-13 09:27:23,406 - SHAPAnalysis - INFO - SHAP values computed successfully
2025-07-13 09:27:23,406 - SHAPAnalysis - INFO - SHAP values shape: (194, 30)
2025-07-13 09:27:23,406 - SHAPAnalysis - INFO - Creating SHAP visualizations...
2025-07-13 09:27:23,406 - SHAPAnalysis - INFO - Saving SHAP visualizations to: C:\Users\jason\assignment\Outputs\SHAP_Analysis
2025-07-13 09:27:23,406 - SHAPAnalysis - INFO - Using file prefix: cc_shap
2025-07-13 09:27:23,406 - SHAPAnalysis - INFO - Creating SHAP summary plot (bar)...
2025-07-13 09:27:24,092 - SHAPAnalysis - INFO - Creating SHAP summary plot (beeswarm)...
2025-07-13 09:27:24,903 - SHAPAnalysis - INFO - Creating SHAP waterfall plot...
2025-07-13 09:27:25,660 - SHAPAnalysis - INFO - Creating SHAP force plots...
2025-07-13 09:27:25,667 - SHAPAnalysis - INFO - SHAP visualizations created successfully
2025-07-13 09:27:25,667 - SHAPAnalysis - INFO - Saving SHAP results to database...
2025-07-13 09:27:25,667 - SHAPAnalysis - INFO - Saving SHAP results to models.shap_analysis_cc_sales
2025-07-13 09:27:25,709 - SHAPAnalysis - INFO - Saved SHAP summary to models.shap_analysis_cc_sales_summary
2025-07-13 09:27:25,725 - SHAPAnalysis - INFO - Saved detailed SHAP values to models.shap_analysis_cc_sales_detailed
2025-07-13 09:27:25,726 - SHAPAnalysis - INFO - Verified: 30 features in summary table
2025-07-13 09:27:25,726 - SHAPAnalysis - INFO - Verified: 5820 SHAP value records in detailed table
2025-07-13 09:27:25,767 - SHAPAnalysis - INFO - ✅ SHAP analysis completed successfully
