2025-07-13 17:52:30,478 - SHAPAnalysisRegressor - INFO - Starting SHAP analysis for regressor
2025-07-13 17:52:30,478 - SHAPAnalysisRegressor - INFO - Loading training data...
2025-07-13 17:52:30,478 - SHAPAnalysisRegressor - INFO - Loading data from silver.train
2025-07-13 17:52:30,478 - SHAPAnalysisRegressor - INFO - Database path: C:\Users\jason\assignment\assignment.duckdb
2025-07-13 17:52:30,559 - SHAPAnalysisRegressor - INFO - Successfully loaded 242 rows and 36 columns
2025-07-13 17:52:30,559 - SHAPAnalysisRegressor - INFO - Data shape: (242, 36)
2025-07-13 17:52:30,573 - SHAPAnalysisRegressor - INFO - Using response variable: Revenue_CC
2025-07-13 17:52:30,573 - SHAPAnalysisRegressor - INFO - Using 28 predictive variables
2025-07-13 17:52:30,573 - SHAPAnalysisRegressor - INFO - Using 1 categorical variables: ['Sex']
2025-07-13 17:52:30,573 - SHAPAnalysisRegressor - INFO - Loading best model parameters from training results...
2025-07-13 17:52:30,573 - SHAPAnalysisRegressor - INFO - Loading best model parameters from models.xgboost_sales_cc_revenue
2025-07-13 17:52:30,606 - SHAPAnalysisRegressor - INFO - Best model MAE score: 8.5215
2025-07-13 17:52:30,606 - SHAPAnalysisRegressor - INFO - Best model parameters loaded successfully
2025-07-13 17:52:30,613 - SHAPAnalysisRegressor - INFO - Using parameters: max_depth=11, min_child_weight=6, gamma=0.9, reg_lambda=0.3, colsample_bytree=0.7, reg_alpha=0.6000000000000001, learning_rate=0.01, n_estimators=50
2025-07-13 17:52:30,613 - SHAPAnalysisRegressor - INFO - Building and training XGBoost regressor...
2025-07-13 17:52:30,613 - SHAPAnalysisRegressor - INFO - Building XGBoost regressor with specified parameters
2025-07-13 17:52:30,613 - SHAPAnalysisRegressor - INFO - Parameters: max_depth=11, min_child_weight=6, gamma=0.9, reg_lambda=0.3, colsample_bytree=0.7, reg_alpha=0.6000000000000001, learning_rate=0.01, n_estimators=50
2025-07-13 17:52:30,613 - SHAPAnalysisRegressor - INFO - Preparing data...
2025-07-13 17:52:30,613 - SHAPAnalysisRegressor - INFO - Data after cleaning: (242, 29)
2025-07-13 17:52:30,613 - SHAPAnalysisRegressor - INFO - Target variable statistics BEFORE scaling: mean=10.8625, std=34.1838, min=0.0714, max=407.9625
2025-07-13 17:52:30,613 - SHAPAnalysisRegressor - INFO - Applying StandardScaler to response variable...
2025-07-13 17:52:30,613 - SHAPAnalysisRegressor - INFO - Target variable statistics AFTER scaling: mean=-0.0000, std=1.0021, min=-0.3163, max=11.6407
2025-07-13 17:52:30,626 - SHAPAnalysisRegressor - INFO - Training set size: (193, 28)
2025-07-13 17:52:30,626 - SHAPAnalysisRegressor - INFO - Test set size: (49, 28)
2025-07-13 17:52:30,626 - SHAPAnalysisRegressor - INFO - Numerical variables: ['VolumeCred', 'VolumeCred_CA', 'TransactionsCred', 'TransactionsCred_CA', 'VolumeDeb', 'VolumeDeb_CA', 'VolumeDebCash_Card', 'VolumeDebCashless_Card', 'VolumeDeb_PaymentOrder', 'TransactionsDeb', 'TransactionsDeb_CA', 'TransactionsDebCash_Card', 'TransactionsDebCashless_Card', 'TransactionsDeb_PaymentOrder', 'Count_CA', 'Count_SA', 'Count_MF', 'Count_OVD', 'Count_CC', 'Count_CL', 'ActBal_SA', 'ActBal_MF', 'ActBal_OVD', 'ActBal_CC', 'ActBal_CL', 'Age', 'Tenure']
2025-07-13 17:52:30,626 - SHAPAnalysisRegressor - INFO - Categorical variables: ['Sex']
2025-07-13 17:52:30,626 - SHAPAnalysisRegressor - INFO - Training model...
2025-07-13 17:52:30,677 - SHAPAnalysisRegressor - INFO - Model training completed
2025-07-13 17:52:30,677 - SHAPAnalysisRegressor - INFO - Test MAE score: 0.1834
2025-07-13 17:52:30,677 - SHAPAnalysisRegressor - INFO - Test R² score: -0.0295
2025-07-13 17:52:30,677 - SHAPAnalysisRegressor - INFO - Computing SHAP values...
2025-07-13 17:52:30,677 - SHAPAnalysisRegressor - INFO - Computing SHAP values...
2025-07-13 17:52:30,677 - SHAPAnalysisRegressor - INFO - Sample size for SHAP: 1000
2025-07-13 17:52:30,677 - SHAPAnalysisRegressor - INFO - Background size for SHAP: 100
2025-07-13 17:52:30,684 - SHAPAnalysisRegressor - INFO - Feature names after preprocessing: 28 features
2025-07-13 17:52:30,684 - SHAPAnalysisRegressor - INFO - Using 49 samples for SHAP computation
2025-07-13 17:52:30,684 - SHAPAnalysisRegressor - INFO - Using 100 background samples
2025-07-13 17:52:30,684 - SHAPAnalysisRegressor - INFO - Creating SHAP TreeExplainer...
2025-07-13 17:52:30,695 - SHAPAnalysisRegressor - INFO - Computing SHAP values...
2025-07-13 17:52:30,775 - SHAPAnalysisRegressor - INFO - SHAP values computed successfully
2025-07-13 17:52:30,779 - SHAPAnalysisRegressor - INFO - SHAP values shape: (49, 28)
2025-07-13 17:52:30,779 - SHAPAnalysisRegressor - INFO - Creating SHAP visualizations...
2025-07-13 17:52:30,779 - SHAPAnalysisRegressor - INFO - Saving SHAP visualizations to: C:\Users\jason\assignment\Outputs\SHAP_Analysis_Regressor
2025-07-13 17:52:30,779 - SHAPAnalysisRegressor - INFO - Using file prefix: cc_revenue_shap
2025-07-13 17:52:30,782 - SHAPAnalysisRegressor - INFO - Creating SHAP summary plot (bar)...
2025-07-13 17:52:31,473 - SHAPAnalysisRegressor - INFO - Creating SHAP summary plot (beeswarm)...
2025-07-13 17:52:32,228 - SHAPAnalysisRegressor - INFO - Creating SHAP waterfall plot...
2025-07-13 17:52:32,993 - SHAPAnalysisRegressor - INFO - Creating SHAP force plots...
2025-07-13 17:52:33,002 - SHAPAnalysisRegressor - INFO - SHAP visualizations created successfully
2025-07-13 17:52:33,002 - SHAPAnalysisRegressor - INFO - Saving SHAP results to database...
2025-07-13 17:52:33,002 - SHAPAnalysisRegressor - INFO - Saving SHAP results to models.shap_values_cc_revenue
2025-07-13 17:52:33,031 - SHAPAnalysisRegressor - INFO - Saved SHAP summary to models.shap_values_cc_revenue_summary
2025-07-13 17:52:33,041 - SHAPAnalysisRegressor - INFO - Saved detailed SHAP values to models.shap_values_cc_revenue_detailed
2025-07-13 17:52:33,043 - SHAPAnalysisRegressor - INFO - Verified: 28 features in summary table
2025-07-13 17:52:33,043 - SHAPAnalysisRegressor - INFO - Verified: 1372 SHAP value records in detailed table
2025-07-13 17:52:33,099 - SHAPAnalysisRegressor - INFO - ✅ SHAP analysis completed successfully
