2025-07-14 21:11:02,466 - PredictRegressor - INFO - Starting prediction process for test data
2025-07-14 21:11:02,466 - PredictRegressor - INFO - Using model: final_xgboost_mf_revenue_model_Revenue_MF_20250714_021433.joblib
2025-07-14 21:11:02,466 - PredictRegressor - INFO - Prediction column name: Predicted_Revenue_MF
2025-07-14 21:11:02,466 - PredictRegressor - INFO - Getting predictor variables from models.final_xgboost_mf_revenue_model
2025-07-14 21:11:02,531 - PredictRegressor - INFO - Found 4 predictor variables: ['VolumeDebCash_Card', 'VolumeDeb', 'VolumeDebCashless_Card', 'VolumeDeb_PaymentOrder']
2025-07-14 21:11:02,538 - PredictRegressor - INFO - Loading test data from silver.test
2025-07-14 21:11:02,538 - PredictRegressor - INFO - Selecting predictor variables: ['VolumeDebCash_Card', 'VolumeDeb', 'VolumeDebCashless_Card', 'VolumeDeb_PaymentOrder']
2025-07-14 21:11:02,584 - PredictRegressor - INFO - Successfully loaded 636 rows and 5 columns
2025-07-14 21:11:02,584 - PredictRegressor - INFO - Data shape: (636, 5)
2025-07-14 21:11:02,584 - PredictRegressor - INFO - Test data summary:
2025-07-14 21:11:02,584 - PredictRegressor - INFO - Available predictor variables: ['VolumeDebCash_Card', 'VolumeDeb', 'VolumeDebCashless_Card', 'VolumeDeb_PaymentOrder']
2025-07-14 21:11:02,591 - PredictRegressor - INFO - Applying preprocessing to test data...
2025-07-14 21:11:02,591 - PredictRegressor - INFO - Original data shape: (636, 5)
2025-07-14 21:11:02,592 - PredictRegressor - INFO - Filled missing values in numerical column 'VolumeDebCash_Card' with 0
2025-07-14 21:11:02,593 - PredictRegressor - INFO - Filled missing values in numerical column 'VolumeDeb' with 0
2025-07-14 21:11:02,593 - PredictRegressor - INFO - Filled missing values in numerical column 'VolumeDebCashless_Card' with 0
2025-07-14 21:11:02,593 - PredictRegressor - INFO - Filled missing values in numerical column 'VolumeDeb_PaymentOrder' with 0
2025-07-14 21:11:02,593 - PredictRegressor - INFO - Data shape after preprocessing: (636, 5)
2025-07-14 21:11:02,593 - PredictRegressor - INFO - Preprocessing completed
2025-07-14 21:11:02,593 - PredictRegressor - INFO - Loading trained model from: C:\Users\jason\assignment\Models\final_xgboost_mf_revenue_model_Revenue_MF_20250714_021433.joblib
2025-07-14 21:11:02,771 - PredictRegressor - INFO - Successfully loaded trained pipeline
2025-07-14 21:11:02,771 - PredictRegressor - INFO - No response scaler found - predictions will be on original scale
2025-07-14 21:11:02,772 - PredictRegressor - INFO - Making predictions on test data...
2025-07-14 21:11:02,773 - PredictRegressor - INFO - Using 4 predictor variables for prediction
2025-07-14 21:11:02,773 - PredictRegressor - INFO - Test data shape for prediction: (636, 4)
2025-07-14 21:11:02,777 - PredictRegressor - INFO - Generated 636 predictions
2025-07-14 21:11:02,777 - PredictRegressor - INFO - No scaling applied to predictions
2025-07-14 21:11:02,779 - PredictRegressor - INFO - Prediction statistics:
2025-07-14 21:11:02,779 - PredictRegressor - INFO -   Mean prediction: 3.0334
2025-07-14 21:11:02,779 - PredictRegressor - INFO -   Std prediction: 0.8485
2025-07-14 21:11:02,779 - PredictRegressor - INFO -   Min prediction: 0.8665
2025-07-14 21:11:02,779 - PredictRegressor - INFO -   Max prediction: 5.9275
2025-07-14 21:11:02,779 - PredictRegressor - INFO - Saving predictions to predictions.test_revenue_mf_predictions
2025-07-14 21:11:02,807 - PredictRegressor - INFO - Created/verified schema: predictions
2025-07-14 21:11:02,817 - PredictRegressor - INFO - Successfully saved 636 predictions to predictions.test_revenue_mf_predictions
2025-07-14 21:11:02,818 - PredictRegressor - INFO - Verified: 636 rows in predictions.test_revenue_mf_predictions
2025-07-14 21:11:02,897 - PredictRegressor - INFO - Predictions saved to CSV: C:\Users\jason\assignment\Results\test_revenue_mf_predictions_20250714_211102.csv
2025-07-14 21:11:02,897 - PredictRegressor - INFO - ✅ Prediction process completed successfully
