2025-07-14 21:08:55,202 - PredictRegressor - INFO - Starting prediction process for test data
2025-07-14 21:08:55,203 - PredictRegressor - INFO - Using model: final_xgboost_cc_revenue_model_Revenue_CC_20250714_021336.joblib
2025-07-14 21:08:55,203 - PredictRegressor - INFO - Prediction column name: Predicted_Revenue_CC
2025-07-14 21:08:55,203 - PredictRegressor - INFO - Getting predictor variables from models.final_xgboost_cc_revenue_model
2025-07-14 21:08:55,267 - PredictRegressor - INFO - Found 3 predictor variables: ['VolumeDebCashless_Card', 'Tenure', 'Age']
2025-07-14 21:08:55,274 - PredictRegressor - INFO - Loading test data from silver.test
2025-07-14 21:08:55,274 - PredictRegressor - INFO - Selecting predictor variables: ['VolumeDebCashless_Card', 'Tenure', 'Age']
2025-07-14 21:08:55,321 - PredictRegressor - INFO - Successfully loaded 636 rows and 4 columns
2025-07-14 21:08:55,323 - PredictRegressor - INFO - Data shape: (636, 4)
2025-07-14 21:08:55,323 - PredictRegressor - INFO - Test data summary:
2025-07-14 21:08:55,323 - PredictRegressor - INFO - Available predictor variables: ['VolumeDebCashless_Card', 'Tenure', 'Age']
2025-07-14 21:08:55,328 - PredictRegressor - INFO - Applying preprocessing to test data...
2025-07-14 21:08:55,330 - PredictRegressor - INFO - Original data shape: (636, 4)
2025-07-14 21:08:55,330 - PredictRegressor - INFO - Filled missing values in numerical column 'VolumeDebCashless_Card' with 0
2025-07-14 21:08:55,330 - PredictRegressor - INFO - Filled missing values in numerical column 'Tenure' with 0
2025-07-14 21:08:55,330 - PredictRegressor - INFO - Filled missing values in numerical column 'Age' with 0
2025-07-14 21:08:55,330 - PredictRegressor - INFO - Data shape after preprocessing: (636, 4)
2025-07-14 21:08:55,330 - PredictRegressor - INFO - Preprocessing completed
2025-07-14 21:08:55,330 - PredictRegressor - INFO - Loading trained model from: C:\Users\jason\assignment\Models\final_xgboost_cc_revenue_model_Revenue_CC_20250714_021336.joblib
2025-07-14 21:08:56,066 - PredictRegressor - INFO - Successfully loaded trained pipeline
2025-07-14 21:08:56,066 - PredictRegressor - INFO - No response scaler found - predictions will be on original scale
2025-07-14 21:08:56,068 - PredictRegressor - INFO - Making predictions on test data...
2025-07-14 21:08:56,068 - PredictRegressor - INFO - Using 3 predictor variables for prediction
2025-07-14 21:08:56,070 - PredictRegressor - INFO - Test data shape for prediction: (636, 3)
2025-07-14 21:08:56,075 - PredictRegressor - INFO - Generated 636 predictions
2025-07-14 21:08:56,075 - PredictRegressor - INFO - No scaling applied to predictions
2025-07-14 21:08:56,075 - PredictRegressor - INFO - Prediction statistics:
2025-07-14 21:08:56,075 - PredictRegressor - INFO -   Mean prediction: 4.4168
2025-07-14 21:08:56,075 - PredictRegressor - INFO -   Std prediction: 0.4976
2025-07-14 21:08:56,077 - PredictRegressor - INFO -   Min prediction: 3.0488
2025-07-14 21:08:56,077 - PredictRegressor - INFO -   Max prediction: 6.0783
2025-07-14 21:08:56,077 - PredictRegressor - INFO - Saving predictions to predictions.test_revenue_cc_predictions
2025-07-14 21:08:56,105 - PredictRegressor - INFO - Created/verified schema: predictions
2025-07-14 21:08:56,115 - PredictRegressor - INFO - Successfully saved 636 predictions to predictions.test_revenue_cc_predictions
2025-07-14 21:08:56,117 - PredictRegressor - INFO - Verified: 636 rows in predictions.test_revenue_cc_predictions
2025-07-14 21:08:56,190 - PredictRegressor - INFO - Predictions saved to CSV: C:\Users\jason\assignment\Results\test_revenue_cc_predictions_20250714_210856.csv
2025-07-14 21:08:56,190 - PredictRegressor - INFO - ✅ Prediction process completed successfully
